Using pre-set license
Built from '2020.3/staging' branch; Version is '2020.3.19f1 (68f137dc9bbe) revision 6877495'; Using compiler version '192528614'; Build Type 'Release'
OS: 'Windows 10 Home China; OS build 19044.1706; Version 2009; 64bit' Language: 'zh' Physical Memory: 8111 MB
BatchMode: 1, IsHumanControllingUs: 0, StartBugReporterOnCrash: 0, Is64bit: 1, IsPro: 0

COMMAND LINE ARGUMENTS:
C:\Program Files\Unity\Hub\Editor\2020.3.19f1\Editor\Unity.exe
-adb2
-batchMode
-noUpm
-name
AssetImportWorker0
-projectPath
E:/大四/Game Engines 2/Game-Engines-2/My project
-logFile
Logs/AssetImportWorker0.log
-srvPort
63055
Successfully changed project path to: E:/大四/Game Engines 2/Game-Engines-2/My project
E:/大四/Game Engines 2/Game-Engines-2/My project
Using Asset Import Pipeline V2.
Refreshing native plugins compatible for Editor in 56.84 ms, found 2 plugins.
Preloading 0 native plugins for Editor in 0.00 ms.
Initialize engine version: 2020.3.19f1 (68f137dc9bbe)
[Subsystems] Discovering subsystems at path C:/Program Files/Unity/Hub/Editor/2020.3.19f1/Editor/Data/Resources/UnitySubsystems
[Subsystems] Discovering subsystems at path E:/大四/Game Engines 2/Game-Engines-2/My project/Assets
GfxDevice: creating device client; threaded=0
Direct3D:
    Version:  Direct3D 11.0 [level 11.1]
    Renderer: NVIDIA GeForce GTX 1050 (ID=0x1c8d)
    Vendor:   
    VRAM:     4021 MB
    Driver:   30.0.14.7196
Initialize mono
Mono path[0] = 'C:/Program Files/Unity/Hub/Editor/2020.3.19f1/Editor/Data/Managed'
Mono path[1] = 'C:/Program Files/Unity/Hub/Editor/2020.3.19f1/Editor/Data/MonoBleedingEdge/lib/mono/unityjit'
Mono config path = 'C:/Program Files/Unity/Hub/Editor/2020.3.19f1/Editor/Data/MonoBleedingEdge/etc'
Using monoOptions --debugger-agent=transport=dt_socket,embedding=1,server=y,suspend=n,address=127.0.0.1:56000
Begin MonoManager ReloadAssembly
Registering precompiled unity dll's ...
Register platform support module: C:/Program Files/Unity/Hub/Editor/2020.3.19f1/Editor/Data/PlaybackEngines/WindowsStandaloneSupport/UnityEditor.WindowsStandalone.Extensions.dll
Registered in 0.002779 seconds.
Native extension for WindowsStandalone target not found
Refreshing native plugins compatible for Editor in 56.75 ms, found 2 plugins.
Preloading 0 native plugins for Editor in 0.00 ms.
Mono: successfully reloaded assembly
- Completed reload, in  1.338 seconds
Domain Reload Profiling:
	ReloadAssembly (1338ms)
		BeginReloadAssembly (63ms)
			ExecutionOrderSort (0ms)
			DisableScriptedObjects (0ms)
			BackupInstance (0ms)
			ReleaseScriptingObjects (0ms)
			CreateAndSetChildDomain (1ms)
		EndReloadAssembly (448ms)
			LoadAssemblies (59ms)
			RebuildTransferFunctionScriptingTraits (0ms)
			SetupTypeCache (162ms)
			ReleaseScriptCaches (0ms)
			RebuildScriptCaches (33ms)
			SetupLoadedEditorAssemblies (182ms)
				LogAssemblyErrors (0ms)
				InitializePlatformSupportModulesInManaged (5ms)
				SetLoadedEditorAssemblies (0ms)
				RefreshPlugins (57ms)
				BeforeProcessingInitializeOnLoad (8ms)
				ProcessInitializeOnLoadAttributes (82ms)
				ProcessInitializeOnLoadMethodAttributes (30ms)
				AfterProcessingInitializeOnLoad (0ms)
				EditorAssembliesLoaded (0ms)
			ExecutionOrderSort2 (0ms)
			AwakeInstancesAfterBackupRestoration (0ms)
Platform modules already initialized, skipping
Registering precompiled user dll's ...
Registered in 0.003209 seconds.
Begin MonoManager ReloadAssembly
Native extension for WindowsStandalone target not found
Refreshing native plugins compatible for Editor in 58.71 ms, found 2 plugins.
Preloading 0 native plugins for Editor in 0.00 ms.
Mono: successfully reloaded assembly
- Completed reload, in  1.239 seconds
Domain Reload Profiling:
	ReloadAssembly (1239ms)
		BeginReloadAssembly (160ms)
			ExecutionOrderSort (0ms)
			DisableScriptedObjects (5ms)
			BackupInstance (0ms)
			ReleaseScriptingObjects (0ms)
			CreateAndSetChildDomain (21ms)
		EndReloadAssembly (1012ms)
			LoadAssemblies (101ms)
			RebuildTransferFunctionScriptingTraits (0ms)
			SetupTypeCache (334ms)
			ReleaseScriptCaches (1ms)
			RebuildScriptCaches (57ms)
			SetupLoadedEditorAssemblies (395ms)
				LogAssemblyErrors (0ms)
				InitializePlatformSupportModulesInManaged (4ms)
				SetLoadedEditorAssemblies (0ms)
				RefreshPlugins (59ms)
				BeforeProcessingInitializeOnLoad (84ms)
				ProcessInitializeOnLoadAttributes (231ms)
				ProcessInitializeOnLoadMethodAttributes (7ms)
				AfterProcessingInitializeOnLoad (10ms)
				EditorAssembliesLoaded (0ms)
			ExecutionOrderSort2 (0ms)
			AwakeInstancesAfterBackupRestoration (7ms)
Platform modules already initialized, skipping
========================================================================
Worker process is ready to serve import requests
Launched and connected shader compiler UnityShaderCompiler.exe after 0.06 seconds
Refreshing native plugins compatible for Editor in 0.55 ms, found 2 plugins.
Preloading 0 native plugins for Editor in 0.00 ms.
Unloading 2821 Unused Serialized files (Serialized files now loaded: 0)
System memory in use before: 125.3 MB.
System memory in use after: 125.5 MB.

Unloading 18 unused Assets to reduce memory usage. Loaded Objects now: 3260.
Total: 3.813500 ms (FindLiveObjects: 0.279600 ms CreateObjectMapping: 0.112800 ms MarkObjects: 3.266800 ms  DeleteObjects: 0.153100 ms)

AssetImportParameters requested are different than current active one (requested -> active):
  custom:framework-win-MediaFoundation: 216162199b28c13a410421893ffa2e32 -> 
  custom:video-decoder-ogg-theora: a1e56fd34408186e4bbccfd4996cb3dc -> 
  custom:container-muxer-webm: aa71ff27fc2769a1b78a27578f13a17b -> 
  custom:container-demuxer-webm: 4f35f7cbe854078d1ac9338744f61a02 -> 
  custom:container-demuxer-ogg: 62fdf1f143b41e24485cea50d1cbac27 -> 
  custom:video-encoder-webm-vp8: eb34c28f22e8b96e1ab97ce403110664 -> 
  custom:video-decoder-webm-vp8: 9c59270c3fd7afecdb556c50c9e8de78 -> 
  custom:audio-decoder-ogg-vorbis: bf7c407c2cedff20999df2af8eb42d56 -> 
  custom:audio-encoder-webm-vorbis: bf7c407c2cedff20999df2af8eb42d56 -> 
========================================================================
Received Import Request.
  path: Assets/F3_Corvette/Meshes/Materials/F3_Grey.mat
  artifactKey: Guid(f8d15df95b7ef5a4ead9604b3e5b6597) Importer(815301076,1909f56bfc062723c751e8b465ee728b)
Start importing Assets/F3_Corvette/Meshes/Materials/F3_Grey.mat using Guid(f8d15df95b7ef5a4ead9604b3e5b6597) Importer(815301076,1909f56bfc062723c751e8b465ee728b)  -> (artifact id: '083b3688954b58e3349847e68bd63626') in 0.279855 seconds 
  Import took 0.285048 seconds .

========================================================================
Received Import Request.
  Time since last request: 0.000601 seconds.
  path: Assets/F3_Corvette/Meshes/Materials/F3_Green.mat
  artifactKey: Guid(aa1e936803633064facac17fa9620e73) Importer(815301076,1909f56bfc062723c751e8b465ee728b)
Start importing Assets/F3_Corvette/Meshes/Materials/F3_Green.mat using Guid(aa1e936803633064facac17fa9620e73) Importer(815301076,1909f56bfc062723c751e8b465ee728b)  -> (artifact id: '197c8f4c07b1d51ca022c37a40605ed9') in 0.042716 seconds 
  Import took 0.079143 seconds .

========================================================================
Received Import Request.
  Time since last request: 0.000544 seconds.
  path: Assets/F3_Corvette/Meshes/Materials/F3_Red.mat
  artifactKey: Guid(21085cfc4f7ff8a4291ed42a85f27537) Importer(815301076,1909f56bfc062723c751e8b465ee728b)
Start importing Assets/F3_Corvette/Meshes/Materials/F3_Red.mat using Guid(21085cfc4f7ff8a4291ed42a85f27537) Importer(815301076,1909f56bfc062723c751e8b465ee728b)  -> (artifact id: '9526fd163dea25354d7c7b293192be3c') in 0.041338 seconds 
  Import took 0.052243 seconds .

========================================================================
Received Import Request.
  Time since last request: 0.000510 seconds.
  path: Assets/F3_Corvette/Meshes/Materials/F3_Yellow.mat
  artifactKey: Guid(defbdb8d47c401641be7b7c013675558) Importer(815301076,1909f56bfc062723c751e8b465ee728b)
Start importing Assets/F3_Corvette/Meshes/Materials/F3_Yellow.mat using Guid(defbdb8d47c401641be7b7c013675558) Importer(815301076,1909f56bfc062723c751e8b465ee728b)  -> (artifact id: '8f2aae70ee870dc0e3e357d86473f91f') in 0.038485 seconds 
  Import took 0.055172 seconds .

========================================================================
Received Import Request.
  Time since last request: 145.789603 seconds.
  path: Assets/F3_Corvette/Meshes/Materials/F3_Green.mat
  artifactKey: Guid(aa1e936803633064facac17fa9620e73) Importer(815301076,1909f56bfc062723c751e8b465ee728b)
Start importing Assets/F3_Corvette/Meshes/Materials/F3_Green.mat using Guid(aa1e936803633064facac17fa9620e73) Importer(815301076,1909f56bfc062723c751e8b465ee728b)  -> (artifact id: '85a664983a160397ecdb07b66536f1e9') in 0.072281 seconds 
  Import took 0.094909 seconds .

========================================================================
Received Import Request.
  Time since last request: 0.000968 seconds.
  path: Assets/F3_Corvette/Meshes/Materials/F3_Grey.mat
  artifactKey: Guid(f8d15df95b7ef5a4ead9604b3e5b6597) Importer(815301076,1909f56bfc062723c751e8b465ee728b)
Start importing Assets/F3_Corvette/Meshes/Materials/F3_Grey.mat using Guid(f8d15df95b7ef5a4ead9604b3e5b6597) Importer(815301076,1909f56bfc062723c751e8b465ee728b)  -> (artifact id: 'bdc5d16e5751029f27c6f135da1f9a0b') in 0.042430 seconds 
  Import took 0.051028 seconds .

========================================================================
Received Import Request.
  Time since last request: 0.000602 seconds.
  path: Assets/F3_Corvette/Meshes/Materials/F3_Red.mat
  artifactKey: Guid(21085cfc4f7ff8a4291ed42a85f27537) Importer(815301076,1909f56bfc062723c751e8b465ee728b)
Start importing Assets/F3_Corvette/Meshes/Materials/F3_Red.mat using Guid(21085cfc4f7ff8a4291ed42a85f27537) Importer(815301076,1909f56bfc062723c751e8b465ee728b)  -> (artifact id: '5704aebd7bde52c230997b507bd0f8fb') in 0.044265 seconds 
  Import took 0.065550 seconds .

========================================================================
Received Import Request.
  Time since last request: 0.000579 seconds.
  path: Assets/F3_Corvette/Meshes/Materials/F3_Yellow.mat
  artifactKey: Guid(defbdb8d47c401641be7b7c013675558) Importer(815301076,1909f56bfc062723c751e8b465ee728b)
Start importing Assets/F3_Corvette/Meshes/Materials/F3_Yellow.mat using Guid(defbdb8d47c401641be7b7c013675558) Importer(815301076,1909f56bfc062723c751e8b465ee728b)  -> (artifact id: '16c40636aaad8b055fec7184cbeb5342') in 0.043013 seconds 
  Import took 0.080685 seconds .

========================================================================
Received Import Request.
  Time since last request: 3.001025 seconds.
  path: Assets/F3_Corvette/Meshes/F3_Grey.FBX
  artifactKey: Guid(7b5c9227d177ec248a8349ac8e0965be) Importer(815301076,1909f56bfc062723c751e8b465ee728b)
Start importing Assets/F3_Corvette/Meshes/F3_Grey.FBX using Guid(7b5c9227d177ec248a8349ac8e0965be) Importer(815301076,1909f56bfc062723c751e8b465ee728b)  -> (artifact id: '49782388aa08f9cd20f581e2aa89f2df') in 0.086323 seconds 
  Import took 0.092538 seconds .

========================================================================
Received Import Request.
  Time since last request: 0.282185 seconds.
  path: Assets/F3_Corvette/Prefabs/F3_Grey Variant.prefab
  artifactKey: Guid(f00c8df389af47046baea2d14b531550) Importer(815301076,1909f56bfc062723c751e8b465ee728b)
Start importing Assets/F3_Corvette/Prefabs/F3_Grey Variant.prefab using Guid(f00c8df389af47046baea2d14b531550) Importer(815301076,1909f56bfc062723c751e8b465ee728b)  -> (artifact id: '972ab3d9d32e7538d596f2f0a348c405') in 0.036531 seconds 
  Import took 0.074220 seconds .

========================================================================
Received Import Request.
  Time since last request: 1.978101 seconds.
  path: Assets/Materials/StarSparrow/Materials/StarSparrow_Blue.mat
  artifactKey: Guid(69d393aa2d52fd34f80a48e88145a81c) Importer(815301076,1909f56bfc062723c751e8b465ee728b)
Start importing Assets/Materials/StarSparrow/Materials/StarSparrow_Blue.mat using Guid(69d393aa2d52fd34f80a48e88145a81c) Importer(815301076,1909f56bfc062723c751e8b465ee728b)  -> (artifact id: '9c3fd5c86b2d02a8ee6b2ec121b90b61') in 0.025319 seconds 
  Import took 0.032150 seconds .

========================================================================
Received Import Request.
  Time since last request: 0.000510 seconds.
  path: Assets/Materials/StarSparrow/Materials/StarSparrow_Purple.mat
  artifactKey: Guid(d215bd3bb42e9764da6cb4f2e19fe1fc) Importer(815301076,1909f56bfc062723c751e8b465ee728b)
Start importing Assets/Materials/StarSparrow/Materials/StarSparrow_Purple.mat using Guid(d215bd3bb42e9764da6cb4f2e19fe1fc) Importer(815301076,1909f56bfc062723c751e8b465ee728b)  -> (artifact id: 'f87351824e687147e338085f7ee61496') in 0.037104 seconds 
  Import took 0.092151 seconds .

========================================================================
Received Import Request.
  Time since last request: 0.000507 seconds.
  path: Assets/Materials/StarSparrow/Materials/StarSparrow_Grey.mat
  artifactKey: Guid(12dffc4c817ab7e4294a82570ef30b58) Importer(815301076,1909f56bfc062723c751e8b465ee728b)
Start importing Assets/Materials/StarSparrow/Materials/StarSparrow_Grey.mat using Guid(12dffc4c817ab7e4294a82570ef30b58) Importer(815301076,1909f56bfc062723c751e8b465ee728b)  -> (artifact id: '991d2a07087df2d731d971dc9f751a19') in 0.035740 seconds 
  Import took 0.044337 seconds .

========================================================================
Received Import Request.
  Time since last request: 0.000593 seconds.
  path: Assets/Materials/StarSparrow/Materials/StarSparrow_White.mat
  artifactKey: Guid(2bd34ca215750fc48902c734d2d5d80f) Importer(815301076,1909f56bfc062723c751e8b465ee728b)
Start importing Assets/Materials/StarSparrow/Materials/StarSparrow_White.mat using Guid(2bd34ca215750fc48902c734d2d5d80f) Importer(815301076,1909f56bfc062723c751e8b465ee728b)  -> (artifact id: 'c5697cfa411e9c28c2f0bdb6e7ba4c22') in 0.034937 seconds 
  Import took 0.060531 seconds .

========================================================================
Received Import Request.
  Time since last request: 0.000564 seconds.
  path: Assets/Materials/StarSparrow/Materials/StarSparrow_Red.mat
  artifactKey: Guid(14cc321f15ae44a4d8ead98d7550ee77) Importer(815301076,1909f56bfc062723c751e8b465ee728b)
Start importing Assets/Materials/StarSparrow/Materials/StarSparrow_Red.mat using Guid(14cc321f15ae44a4d8ead98d7550ee77) Importer(815301076,1909f56bfc062723c751e8b465ee728b)  -> (artifact id: '390add08120efa2e38dd0339243abc27') in 0.032896 seconds 
  Import took 0.040240 seconds .

========================================================================
Received Import Request.
  Time since last request: 0.000572 seconds.
  path: Assets/Materials/StarSparrow/Materials/StarSparrow_Green.mat
  artifactKey: Guid(ec39a84ad2f7de748af283edd7ffa3c1) Importer(815301076,1909f56bfc062723c751e8b465ee728b)
Start importing Assets/Materials/StarSparrow/Materials/StarSparrow_Green.mat using Guid(ec39a84ad2f7de748af283edd7ffa3c1) Importer(815301076,1909f56bfc062723c751e8b465ee728b)  -> (artifact id: 'a503c60aedd9e72e71da149599915842') in 0.033593 seconds 
  Import took 0.040414 seconds .

========================================================================
Received Import Request.
  Time since last request: 1.169600 seconds.
  path: Assets/Materials/spce.mat
  artifactKey: Guid(f7018813d73003c4183d9dab452f7caa) Importer(815301076,1909f56bfc062723c751e8b465ee728b)
Start importing Assets/Materials/spce.mat using Guid(f7018813d73003c4183d9dab452f7caa) Importer(815301076,1909f56bfc062723c751e8b465ee728b)  -> (artifact id: 'cdbddfe3655e9b489a29235ac9c516a0') in 0.009864 seconds 
  Import took 0.031615 seconds .

========================================================================
Received Import Request.
  Time since last request: 95.225390 seconds.
  path: Assets/Materials/StarSparrow/Materials/BonusContent/AsteroidsLava_Blue.mat
  artifactKey: Guid(e1cac9f87fda27445ac6a54ade344d63) Importer(815301076,1909f56bfc062723c751e8b465ee728b)
Start importing Assets/Materials/StarSparrow/Materials/BonusContent/AsteroidsLava_Blue.mat using Guid(e1cac9f87fda27445ac6a54ade344d63) Importer(815301076,1909f56bfc062723c751e8b465ee728b)  -> (artifact id: 'eaaf3b45e58bbfb72217247365c49a04') in 0.045596 seconds 
  Import took 0.060111 seconds .

========================================================================
Received Import Request.
  Time since last request: 0.000508 seconds.
  path: Assets/Materials/StarSparrow/Materials/BonusContent/Missile.mat
  artifactKey: Guid(30d351457dfac9d40a8b07e6426fd177) Importer(815301076,1909f56bfc062723c751e8b465ee728b)
Start importing Assets/Materials/StarSparrow/Materials/BonusContent/Missile.mat using Guid(30d351457dfac9d40a8b07e6426fd177) Importer(815301076,1909f56bfc062723c751e8b465ee728b)  -> (artifact id: '5d10804f9ab1a2cfc6c958e469908516') in 0.019035 seconds 
  Import took 0.036466 seconds .

========================================================================
Received Import Request.
  Time since last request: 0.000539 seconds.
  path: Assets/Materials/StarSparrow/Materials/BonusContent/ColorsAtlas.mat
  artifactKey: Guid(00eaf01308024044aaffab04875e1397) Importer(815301076,1909f56bfc062723c751e8b465ee728b)
Start importing Assets/Materials/StarSparrow/Materials/BonusContent/ColorsAtlas.mat using Guid(00eaf01308024044aaffab04875e1397) Importer(815301076,1909f56bfc062723c751e8b465ee728b)  -> (artifact id: '8d3c38a4f1f3f7a76c32c1d2998a758b') in 0.016132 seconds 
  Import took 0.022349 seconds .

========================================================================
Received Import Request.
  Time since last request: 0.001644 seconds.
  path: Assets/Materials/StarSparrow/Materials/BonusContent/TinniuqPlanet.mat
  artifactKey: Guid(58bc1c6f4cc25b942bb7eb6b75c68156) Importer(815301076,1909f56bfc062723c751e8b465ee728b)
Start importing Assets/Materials/StarSparrow/Materials/BonusContent/TinniuqPlanet.mat using Guid(58bc1c6f4cc25b942bb7eb6b75c68156) Importer(815301076,1909f56bfc062723c751e8b465ee728b)  -> (artifact id: '7e2c286922e003a33724c8fcff6662c1') in 0.025460 seconds 
  Import took 0.035150 seconds .

========================================================================
Received Import Request.
  Time since last request: 0.001090 seconds.
  path: Assets/Materials/StarSparrow/Materials/BonusContent/Bomb.mat
  artifactKey: Guid(2d81e0bd71e79784199dbdf6880a51e6) Importer(815301076,1909f56bfc062723c751e8b465ee728b)
Start importing Assets/Materials/StarSparrow/Materials/BonusContent/Bomb.mat using Guid(2d81e0bd71e79784199dbdf6880a51e6) Importer(815301076,1909f56bfc062723c751e8b465ee728b)  -> (artifact id: 'a44b20a116bcd66c4a67bd25d063566a') in 0.015553 seconds 
  Import took 0.021632 seconds .

========================================================================
Received Import Request.
  Time since last request: 0.001193 seconds.
  path: Assets/Materials/StarSparrow/Materials/BonusContent/Grey.mat
  artifactKey: Guid(6b0bf81b9bf769c4cb75da722d4530a0) Importer(815301076,1909f56bfc062723c751e8b465ee728b)
Start importing Assets/Materials/StarSparrow/Materials/BonusContent/Grey.mat using Guid(6b0bf81b9bf769c4cb75da722d4530a0) Importer(815301076,1909f56bfc062723c751e8b465ee728b)  -> (artifact id: 'd432f36ac78602679b2e4c17dc39cb64') in 0.015414 seconds 
  Import took 0.030906 seconds .

========================================================================
Received Import Request.
  Time since last request: 0.000509 seconds.
  path: Assets/Materials/StarSparrow/Materials/BonusContent/Mine Sample 2.mat
  artifactKey: Guid(7da0d403d4fb0da40ac018d557c6db89) Importer(815301076,1909f56bfc062723c751e8b465ee728b)
Start importing Assets/Materials/StarSparrow/Materials/BonusContent/Mine Sample 2.mat using Guid(7da0d403d4fb0da40ac018d557c6db89) Importer(815301076,1909f56bfc062723c751e8b465ee728b)  -> (artifact id: '65f7f0ffa6c103f057ca8ae625e6e440') in 0.016023 seconds 
  Import took 0.025676 seconds .

========================================================================
Received Import Request.
  Time since last request: 0.000552 seconds.
  path: Assets/Materials/StarSparrow/Materials/BonusContent/FlyingInsect_Purple.mat
  artifactKey: Guid(cb69702e662a4114aa3a332d2da74996) Importer(815301076,1909f56bfc062723c751e8b465ee728b)
Start importing Assets/Materials/StarSparrow/Materials/BonusContent/FlyingInsect_Purple.mat using Guid(cb69702e662a4114aa3a332d2da74996) Importer(815301076,1909f56bfc062723c751e8b465ee728b)  -> (artifact id: '1157a524c3f10cf5c52126b9a4409a9f') in 0.023056 seconds 
  Import took 0.035010 seconds .

========================================================================
Received Import Request.
  Time since last request: 0.000907 seconds.
  path: Assets/Materials/StarSparrow/Materials/BonusContent/CloudsRed.mat
  artifactKey: Guid(191ced9846689714398ed909c5e9284a) Importer(815301076,1909f56bfc062723c751e8b465ee728b)
Start importing Assets/Materials/StarSparrow/Materials/BonusContent/CloudsRed.mat using Guid(191ced9846689714398ed909c5e9284a) Importer(815301076,1909f56bfc062723c751e8b465ee728b)  -> (artifact id: '4b564abee5ef72e6228b705923907279') in 0.019696 seconds 
  Import took 0.029836 seconds .

========================================================================
Received Import Request.
  Time since last request: 0.000479 seconds.
  path: Assets/Materials/StarSparrow/Materials/BonusContent/AsteroidsLava_Red.mat
  artifactKey: Guid(816eca2bca813da4883bad3b376c4dbc) Importer(815301076,1909f56bfc062723c751e8b465ee728b)
Start importing Assets/Materials/StarSparrow/Materials/BonusContent/AsteroidsLava_Red.mat using Guid(816eca2bca813da4883bad3b376c4dbc) Importer(815301076,1909f56bfc062723c751e8b465ee728b)  -> (artifact id: '478727c2f60e8b48ce7e2366ebf6c5a9') in 0.018426 seconds 
  Import took 0.034135 seconds .

========================================================================
Received Import Request.
  Time since last request: 0.000508 seconds.
  path: Assets/Materials/StarSparrow/Materials/BonusContent/Mine Sample 1.mat
  artifactKey: Guid(82c97815f01775d4899d78255a373dfe) Importer(815301076,1909f56bfc062723c751e8b465ee728b)
Start importing Assets/Materials/StarSparrow/Materials/BonusContent/Mine Sample 1.mat using Guid(82c97815f01775d4899d78255a373dfe) Importer(815301076,1909f56bfc062723c751e8b465ee728b)  -> (artifact id: 'ec349aa34878ed87c02733bea42a3e46') in 0.017506 seconds 
  Import took 0.024056 seconds .

========================================================================
Received Import Request.
  Time since last request: 62.162976 seconds.
  path: Assets/Materials/StarSparrow/Materials/StarSparrow_Blue.mat
  artifactKey: Guid(bb889b5b443556e44b3ddd2482404d01) Importer(815301076,1909f56bfc062723c751e8b465ee728b)
Start importing Assets/Materials/StarSparrow/Materials/StarSparrow_Blue.mat using Guid(bb889b5b443556e44b3ddd2482404d01) Importer(815301076,1909f56bfc062723c751e8b465ee728b)  -> (artifact id: 'c290bae9acbea73f8ba0be3f95227330') in 0.031779 seconds 
  Import took 0.061162 seconds .

========================================================================
Received Import Request.
  Time since last request: 7.107675 seconds.
  path: Assets/Materials/StarSparrow/Materials/StarSparrow_Green.mat
  artifactKey: Guid(3013c70e094429449b1c5f8d12d0398f) Importer(815301076,1909f56bfc062723c751e8b465ee728b)
Start importing Assets/Materials/StarSparrow/Materials/StarSparrow_Green.mat using Guid(3013c70e094429449b1c5f8d12d0398f) Importer(815301076,1909f56bfc062723c751e8b465ee728b)  -> (artifact id: 'fd0e9af92c6c8b024240fa72d925ae96') in 0.036490 seconds 
  Import took 0.043864 seconds .

========================================================================
Received Import Request.
  Time since last request: 3.699334 seconds.
  path: Assets/Materials/StarSparrow/Materials/StarSparrow_Grey.mat
  artifactKey: Guid(65e3dafceb6cddd428cf4bb567e0512b) Importer(815301076,1909f56bfc062723c751e8b465ee728b)
Start importing Assets/Materials/StarSparrow/Materials/StarSparrow_Grey.mat using Guid(65e3dafceb6cddd428cf4bb567e0512b) Importer(815301076,1909f56bfc062723c751e8b465ee728b)  -> (artifact id: '8a66dd17fda4c1587772c5acf4ef2dde') in 0.032558 seconds 
  Import took 0.073336 seconds .

========================================================================
Received Import Request.
  Time since last request: 3.627276 seconds.
  path: Assets/Materials/StarSparrow/Materials/StarSparrow_Purple.mat
  artifactKey: Guid(0b65760c82fd74f478042271889430fd) Importer(815301076,1909f56bfc062723c751e8b465ee728b)
Start importing Assets/Materials/StarSparrow/Materials/StarSparrow_Purple.mat using Guid(0b65760c82fd74f478042271889430fd) Importer(815301076,1909f56bfc062723c751e8b465ee728b)  -> (artifact id: 'c56efde0091a2ef62f2531add8c4a16e') in 0.037073 seconds 
  Import took 0.044819 seconds .

========================================================================
Received Import Request.
  Time since last request: 6.600868 seconds.
  path: Assets/Materials/StarSparrow/Materials/StarSparrow_Red.mat
  artifactKey: Guid(59608820540f5d644bd2dfc7df6908a1) Importer(815301076,1909f56bfc062723c751e8b465ee728b)
Start importing Assets/Materials/StarSparrow/Materials/StarSparrow_Red.mat using Guid(59608820540f5d644bd2dfc7df6908a1) Importer(815301076,1909f56bfc062723c751e8b465ee728b)  -> (artifact id: '8225bb810b2887b0276579fb465db392') in 0.033298 seconds 
  Import took 0.050099 seconds .

========================================================================
Received Import Request.
  Time since last request: 3.907602 seconds.
  path: Assets/Materials/StarSparrow/Materials/StarSparrow_White.mat
  artifactKey: Guid(b82da7f89d75d05418d7ce5c90ec147b) Importer(815301076,1909f56bfc062723c751e8b465ee728b)
Start importing Assets/Materials/StarSparrow/Materials/StarSparrow_White.mat using Guid(b82da7f89d75d05418d7ce5c90ec147b) Importer(815301076,1909f56bfc062723c751e8b465ee728b)  -> (artifact id: 'ffbe64a7de86e8346f730d7ff03bf63e') in 0.033220 seconds 
  Import took 0.044813 seconds .

========================================================================
Received Import Request.
  Time since last request: 5.017191 seconds.
  path: Assets/Materials/StarSparrow/Materials/BonusContent/AsteroidsLava_Blue.mat
  artifactKey: Guid(b80548491e40ff247bba03dbfce55047) Importer(815301076,1909f56bfc062723c751e8b465ee728b)
Start importing Assets/Materials/StarSparrow/Materials/BonusContent/AsteroidsLava_Blue.mat using Guid(b80548491e40ff247bba03dbfce55047) Importer(815301076,1909f56bfc062723c751e8b465ee728b)  -> (artifact id: '6b6b0dc819fedd17196b7e28d7b200f3') in 0.020738 seconds 
  Import took 0.034191 seconds .

========================================================================
Received Import Request.
  Time since last request: 3.430753 seconds.
  path: Assets/Materials/StarSparrow/Materials/BonusContent/AsteroidsLava_Red.mat
  artifactKey: Guid(996ed6f3c45b2fb4697c9c8d5ff964ab) Importer(815301076,1909f56bfc062723c751e8b465ee728b)
Start importing Assets/Materials/StarSparrow/Materials/BonusContent/AsteroidsLava_Red.mat using Guid(996ed6f3c45b2fb4697c9c8d5ff964ab) Importer(815301076,1909f56bfc062723c751e8b465ee728b)  -> (artifact id: 'fc1b8b0d82e35af83eaf66ca020a1024') in 0.021087 seconds 
  Import took 0.032534 seconds .

========================================================================
Received Import Request.
  Time since last request: 3.546945 seconds.
  path: Assets/Materials/StarSparrow/Materials/BonusContent/Bomb.mat
  artifactKey: Guid(9e3f49c2d4e6a9e43a3dd1143e757298) Importer(815301076,1909f56bfc062723c751e8b465ee728b)
Start importing Assets/Materials/StarSparrow/Materials/BonusContent/Bomb.mat using Guid(9e3f49c2d4e6a9e43a3dd1143e757298) Importer(815301076,1909f56bfc062723c751e8b465ee728b)  -> (artifact id: 'eca89f9b1b08974e4b8d59e9d6d88825') in 0.016088 seconds 
  Import took 0.031853 seconds .

========================================================================
Received Import Request.
  Time since last request: 3.709402 seconds.
  path: Assets/Materials/StarSparrow/Materials/BonusContent/CloudsRed.mat
  artifactKey: Guid(8fca5a957bdf53c40882b58354f91405) Importer(815301076,1909f56bfc062723c751e8b465ee728b)
Start importing Assets/Materials/StarSparrow/Materials/BonusContent/CloudsRed.mat using Guid(8fca5a957bdf53c40882b58354f91405) Importer(815301076,1909f56bfc062723c751e8b465ee728b)  -> (artifact id: '19eebed0a8f8f38d7be0c48f6e02913a') in 0.026585 seconds 
  Import took 0.052788 seconds .

========================================================================
Received Import Request.
  Time since last request: 3.894647 seconds.
  path: Assets/Materials/StarSparrow/Materials/BonusContent/ColorsAtlas.mat
  artifactKey: Guid(552f31c4537ffaf4abd630f1e9d8390e) Importer(815301076,1909f56bfc062723c751e8b465ee728b)
Start importing Assets/Materials/StarSparrow/Materials/BonusContent/ColorsAtlas.mat using Guid(552f31c4537ffaf4abd630f1e9d8390e) Importer(815301076,1909f56bfc062723c751e8b465ee728b)  -> (artifact id: '462a229b81665568747b640d1718013b') in 0.015225 seconds 
  Import took 0.032840 seconds .

========================================================================
Received Import Request.
  Time since last request: 3.046312 seconds.
  path: Assets/Materials/StarSparrow/Materials/BonusContent/FlyingInsect_Purple.mat
  artifactKey: Guid(940d2ecd874642c4fb9688a9a8d51c86) Importer(815301076,1909f56bfc062723c751e8b465ee728b)
Start importing Assets/Materials/StarSparrow/Materials/BonusContent/FlyingInsect_Purple.mat using Guid(940d2ecd874642c4fb9688a9a8d51c86) Importer(815301076,1909f56bfc062723c751e8b465ee728b)  -> (artifact id: '8741775a9318a213ba0f876847c4f437') in 0.040125 seconds 
  Import took 0.049954 seconds .

========================================================================
Received Import Request.
  Time since last request: 3.378088 seconds.
  path: Assets/Materials/StarSparrow/Materials/BonusContent/Grey.mat
  artifactKey: Guid(bc3e73abcb5948142b1cf893ebe565e9) Importer(815301076,1909f56bfc062723c751e8b465ee728b)
Start importing Assets/Materials/StarSparrow/Materials/BonusContent/Grey.mat using Guid(bc3e73abcb5948142b1cf893ebe565e9) Importer(815301076,1909f56bfc062723c751e8b465ee728b)  -> (artifact id: 'a026227829d2149e885f802994e8185e') in 0.014096 seconds 
  Import took 0.030987 seconds .

========================================================================
Received Import Request.
  Time since last request: 3.395255 seconds.
  path: Assets/Materials/StarSparrow/Materials/BonusContent/Mine Sample.mat
  artifactKey: Guid(80f122e2ded514d46a2953c1c2d93b6a) Importer(815301076,1909f56bfc062723c751e8b465ee728b)
Start importing Assets/Materials/StarSparrow/Materials/BonusContent/Mine Sample.mat using Guid(80f122e2ded514d46a2953c1c2d93b6a) Importer(815301076,1909f56bfc062723c751e8b465ee728b)  -> (artifact id: '454ce357e3c10d19c273c52903ccd406') in 0.016865 seconds 
  Import took 0.033515 seconds .

========================================================================
Received Import Request.
  Time since last request: 10.504430 seconds.
  path: Assets/Materials/StarSparrow/Materials/BonusContent/Missile.mat
  artifactKey: Guid(4b32eccade5abb1469f4982e7a6e7575) Importer(815301076,1909f56bfc062723c751e8b465ee728b)
Start importing Assets/Materials/StarSparrow/Materials/BonusContent/Missile.mat using Guid(4b32eccade5abb1469f4982e7a6e7575) Importer(815301076,1909f56bfc062723c751e8b465ee728b)  -> (artifact id: '11eaf67eed03725eef73e3f520f14acc') in 0.019872 seconds 
  Import took 0.066567 seconds .

========================================================================
Received Import Request.
  Time since last request: 3.262811 seconds.
  path: Assets/Materials/StarSparrow/Materials/BonusContent/TinniuqPlanet.mat
  artifactKey: Guid(a40c376a42729534690f176b3c40533d) Importer(815301076,1909f56bfc062723c751e8b465ee728b)
Start importing Assets/Materials/StarSparrow/Materials/BonusContent/TinniuqPlanet.mat using Guid(a40c376a42729534690f176b3c40533d) Importer(815301076,1909f56bfc062723c751e8b465ee728b)  -> (artifact id: '3a806f7bb0c99059f046839dee8b27c1') in 0.025409 seconds 
  Import took 0.032954 seconds .

========================================================================
Received Import Request.
  Time since last request: 5.101781 seconds.
  path: Assets/Materials/StarSparrow/Materials/Extra/StarSparrow_Black.mat
  artifactKey: Guid(020568ce6bb9b3245a24630d5282ca24) Importer(815301076,1909f56bfc062723c751e8b465ee728b)
Start importing Assets/Materials/StarSparrow/Materials/Extra/StarSparrow_Black.mat using Guid(020568ce6bb9b3245a24630d5282ca24) Importer(815301076,1909f56bfc062723c751e8b465ee728b)  -> (artifact id: 'f9cec70bafb41ca8de485d4ad51245ff') in 0.023881 seconds 
  Import took 0.030248 seconds .

========================================================================
Received Import Request.
  Time since last request: 0.000474 seconds.
  path: Assets/Materials/StarSparrow/Materials/Extra/StarSparrow_Orange.mat
  artifactKey: Guid(8b52c4a2cbd2a8248b7c6e782e73497e) Importer(815301076,1909f56bfc062723c751e8b465ee728b)
Start importing Assets/Materials/StarSparrow/Materials/Extra/StarSparrow_Orange.mat using Guid(8b52c4a2cbd2a8248b7c6e782e73497e) Importer(815301076,1909f56bfc062723c751e8b465ee728b)  -> (artifact id: 'c877ea11c06cbc2c960f4ef9e63b3b96') in 0.031592 seconds 
  Import took 0.052935 seconds .

========================================================================
Received Import Request.
  Time since last request: 0.000530 seconds.
  path: Assets/Materials/StarSparrow/Materials/Extra/StarSparrow_Yellow.mat
  artifactKey: Guid(5953a6e817e87be4195c31da8fdce334) Importer(815301076,1909f56bfc062723c751e8b465ee728b)
Start importing Assets/Materials/StarSparrow/Materials/Extra/StarSparrow_Yellow.mat using Guid(5953a6e817e87be4195c31da8fdce334) Importer(815301076,1909f56bfc062723c751e8b465ee728b)  -> (artifact id: 'cd59ec4dca2695797b8eb99941f24947') in 0.033204 seconds 
  Import took 0.038973 seconds .

========================================================================
Received Import Request.
  Time since last request: 0.000581 seconds.
  path: Assets/Materials/StarSparrow/Materials/Extra/StarSparrow_Cyan.mat
  artifactKey: Guid(d58bf68b17f9a4240aaeb5c200c9a12c) Importer(815301076,1909f56bfc062723c751e8b465ee728b)
Start importing Assets/Materials/StarSparrow/Materials/Extra/StarSparrow_Cyan.mat using Guid(d58bf68b17f9a4240aaeb5c200c9a12c) Importer(815301076,1909f56bfc062723c751e8b465ee728b)  -> (artifact id: '9160bdc91f794816931e44ebbf097a06') in 0.032548 seconds 
  Import took 0.040147 seconds .

========================================================================
Received Import Request.
  Time since last request: 26.896680 seconds.
  path: Assets/Materials/StarSparrow/Materials/Extra/StarSparrow_Black.mat
  artifactKey: Guid(a424c117457f0664ebc48faebeeda8cf) Importer(815301076,1909f56bfc062723c751e8b465ee728b)
Start importing Assets/Materials/StarSparrow/Materials/Extra/StarSparrow_Black.mat using Guid(a424c117457f0664ebc48faebeeda8cf) Importer(815301076,1909f56bfc062723c751e8b465ee728b)  -> (artifact id: '358fba3782063d4fbe812f375b6e123d') in 0.031725 seconds 
  Import took 0.038417 seconds .

========================================================================
Received Import Request.
  Time since last request: 5.877082 seconds.
  path: Assets/Materials/StarSparrow/Materials/Extra/StarSparrow_Cyan.mat
  artifactKey: Guid(7a593b80e7629cf408392c898c242ba7) Importer(815301076,1909f56bfc062723c751e8b465ee728b)
Start importing Assets/Materials/StarSparrow/Materials/Extra/StarSparrow_Cyan.mat using Guid(7a593b80e7629cf408392c898c242ba7) Importer(815301076,1909f56bfc062723c751e8b465ee728b)  -> (artifact id: '59f8e217c9485e3cbf87c8137ad9e718') in 0.035090 seconds 
  Import took 0.043299 seconds .

========================================================================
Received Import Request.
  Time since last request: 2.753582 seconds.
  path: Assets/Materials/StarSparrow/Materials/Extra/StarSparrow_Orange.mat
  artifactKey: Guid(76970dd7f68cff7458e9d761f409b2db) Importer(815301076,1909f56bfc062723c751e8b465ee728b)
Start importing Assets/Materials/StarSparrow/Materials/Extra/StarSparrow_Orange.mat using Guid(76970dd7f68cff7458e9d761f409b2db) Importer(815301076,1909f56bfc062723c751e8b465ee728b)  -> (artifact id: '5cae143b7dd4bfc6d0fd97c1ef948aec') in 0.033451 seconds 
  Import took 0.055895 seconds .

========================================================================
Received Import Request.
  Time since last request: 2.228769 seconds.
  path: Assets/Materials/StarSparrow/Materials/Extra/StarSparrow_Yellow.mat
  artifactKey: Guid(4f48ca8e354530e4b868cd81d3b90f32) Importer(815301076,1909f56bfc062723c751e8b465ee728b)
Start importing Assets/Materials/StarSparrow/Materials/Extra/StarSparrow_Yellow.mat using Guid(4f48ca8e354530e4b868cd81d3b90f32) Importer(815301076,1909f56bfc062723c751e8b465ee728b)  -> (artifact id: 'a9e56bbc70ff4bf3b5cd46e0f0b72705') in 0.035326 seconds 
  Import took 0.046274 seconds .

========================================================================
Received Import Request.
  Time since last request: 2.734360 seconds.
  path: Assets/Materials/StarSparrow/Meshes/StarSparrow17.fbx
  artifactKey: Guid(73d017596d90716449488a7d74c0b954) Importer(815301076,1909f56bfc062723c751e8b465ee728b)
Start importing Assets/Materials/StarSparrow/Meshes/StarSparrow17.fbx using Guid(73d017596d90716449488a7d74c0b954) Importer(815301076,1909f56bfc062723c751e8b465ee728b)  -> (artifact id: '5c3833c877fafff31b8d6776e282b035') in 0.034476 seconds 
  Import took 0.056687 seconds .

========================================================================
Received Import Request.
  Time since last request: 0.000540 seconds.
  path: Assets/Materials/StarSparrow/Meshes/StarSparrow20.fbx
  artifactKey: Guid(2aa3be39e3a89da4ea9381a79b1d3c8a) Importer(815301076,1909f56bfc062723c751e8b465ee728b)
Start importing Assets/Materials/StarSparrow/Meshes/StarSparrow20.fbx using Guid(2aa3be39e3a89da4ea9381a79b1d3c8a) Importer(815301076,1909f56bfc062723c751e8b465ee728b)  -> (artifact id: 'b742ad68404397504611bfb539199be0') in 0.023222 seconds 
  Import took 0.064182 seconds .

========================================================================
Received Import Request.
  Time since last request: 0.000442 seconds.
  path: Assets/Materials/StarSparrow/Meshes/StarSparrow19.fbx
  artifactKey: Guid(0c96b086dbd8f5647806bfb7ee9b928a) Importer(815301076,1909f56bfc062723c751e8b465ee728b)
Start importing Assets/Materials/StarSparrow/Meshes/StarSparrow19.fbx using Guid(0c96b086dbd8f5647806bfb7ee9b928a) Importer(815301076,1909f56bfc062723c751e8b465ee728b)  -> (artifact id: '0493844654f76294bc5ec8667e4443c5') in 0.023170 seconds 
  Import took 0.064699 seconds .

========================================================================
Received Import Request.
  Time since last request: 0.000417 seconds.
  path: Assets/Materials/StarSparrow/Meshes/StarSparrow18.fbx
  artifactKey: Guid(a9e1d66c337394b498df4fa2bc76d8d0) Importer(815301076,1909f56bfc062723c751e8b465ee728b)
Start importing Assets/Materials/StarSparrow/Meshes/StarSparrow18.fbx using Guid(a9e1d66c337394b498df4fa2bc76d8d0) Importer(815301076,1909f56bfc062723c751e8b465ee728b)  -> (artifact id: 'ea6ba6eb38c52cedc95374b4a89c4e0a') in 0.023925 seconds 
  Import took 0.029725 seconds .

========================================================================
Received Import Request.
  Time since last request: 0.783936 seconds.
  path: Assets/Materials/StarSparrow/Meshes/StarSparrowModules.FBX
  artifactKey: Guid(71e6e8f0e9dd9164da8d88a237ed787b) Importer(815301076,1909f56bfc062723c751e8b465ee728b)
Start importing Assets/Materials/StarSparrow/Meshes/StarSparrowModules.FBX using Guid(71e6e8f0e9dd9164da8d88a237ed787b) Importer(815301076,1909f56bfc062723c751e8b465ee728b)  -> (artifact id: '8a32eda555bb6c1a50d61984139159cd') in 0.137833 seconds 
  Import took 0.143552 seconds .

========================================================================
Received Import Request.
  Time since last request: 161.002267 seconds.
  path: Assets/Materials/StarSparrow/Prefabs/BonusContent/Asteroid Lava Blue.prefab
  artifactKey: Guid(607a3087137514b45a71551911917d6f) Importer(815301076,1909f56bfc062723c751e8b465ee728b)
Start importing Assets/Materials/StarSparrow/Prefabs/BonusContent/Asteroid Lava Blue.prefab using Guid(607a3087137514b45a71551911917d6f) Importer(815301076,1909f56bfc062723c751e8b465ee728b)  -> (artifact id: 'd99ae1f035f86fb2d325432aff215d97') in 0.016262 seconds 
  Import took 0.039990 seconds .

========================================================================
Received Import Request.
  Time since last request: 0.000430 seconds.
  path: Assets/Materials/StarSparrow/Prefabs/BonusContent/Bomb.prefab
  artifactKey: Guid(c2a77ce884f671f45b146df092bfe4d4) Importer(815301076,1909f56bfc062723c751e8b465ee728b)
Start importing Assets/Materials/StarSparrow/Prefabs/BonusContent/Bomb.prefab using Guid(c2a77ce884f671f45b146df092bfe4d4) Importer(815301076,1909f56bfc062723c751e8b465ee728b)  -> (artifact id: 'aacb72a20688646029e99f4916b352be') in 0.014177 seconds 
  Import took 0.018749 seconds .

========================================================================
Received Import Request.
  Time since last request: 0.000488 seconds.
  path: Packages/com.unity.render-pipelines.core/Runtime/Debugging/Prefabs/Widgets/DebugUI Button.prefab
  artifactKey: Guid(f6ce33b91f6ffe54cadacbf4bb112440) Importer(815301076,1909f56bfc062723c751e8b465ee728b)
Start importing Packages/com.unity.render-pipelines.core/Runtime/Debugging/Prefabs/Widgets/DebugUI Button.prefab using Guid(f6ce33b91f6ffe54cadacbf4bb112440) Importer(815301076,1909f56bfc062723c751e8b465ee728b)  -> (artifact id: 'f156d650df4486540cf57b67dcd83793') in 0.020310 seconds 
  Import took 0.024614 seconds .

========================================================================
Received Import Request.
  Time since last request: 0.000536 seconds.
  path: Packages/com.unity.render-pipelines.core/Runtime/Debugging/Prefabs/Widgets/DebugUI Color.prefab
  artifactKey: Guid(77c185820dd1a464eac89cae3abccddf) Importer(815301076,1909f56bfc062723c751e8b465ee728b)
Start importing Packages/com.unity.render-pipelines.core/Runtime/Debugging/Prefabs/Widgets/DebugUI Color.prefab using Guid(77c185820dd1a464eac89cae3abccddf) Importer(815301076,1909f56bfc062723c751e8b465ee728b)  -> (artifact id: 'a105a046fba017d436298a8032bdb504') in 0.014657 seconds 
  Import took 0.019853 seconds .

========================================================================
Received Import Request.
  Time since last request: 0.000465 seconds.
  path: Packages/com.unity.render-pipelines.core/Runtime/Debugging/Prefabs/Widgets/DebugUI EnumHistory.prefab
  artifactKey: Guid(b2da6b27df236b144b3516ed8e7d36ac) Importer(815301076,1909f56bfc062723c751e8b465ee728b)
Start importing Packages/com.unity.render-pipelines.core/Runtime/Debugging/Prefabs/Widgets/DebugUI EnumHistory.prefab using Guid(b2da6b27df236b144b3516ed8e7d36ac) Importer(815301076,1909f56bfc062723c751e8b465ee728b)  -> (artifact id: 'c457be37de7cf02ba5a2b8aa5cc95479') in 0.012970 seconds 
  Import took 0.033537 seconds .

========================================================================
Received Import Request.
  Time since last request: 0.000444 seconds.
  path: Packages/com.unity.render-pipelines.core/Runtime/Debugging/Prefabs/Widgets/DebugUI Group.prefab
  artifactKey: Guid(38a07789c9e87004dad98c2909f58369) Importer(815301076,1909f56bfc062723c751e8b465ee728b)
Start importing Packages/com.unity.render-pipelines.core/Runtime/Debugging/Prefabs/Widgets/DebugUI Group.prefab using Guid(38a07789c9e87004dad98c2909f58369) Importer(815301076,1909f56bfc062723c751e8b465ee728b)  -> (artifact id: '8afb502932e89a104398ec762f6073c7') in 0.023297 seconds 
  Import took 0.029141 seconds .

========================================================================
Received Import Request.
  Time since last request: 0.001026 seconds.
  path: Packages/com.unity.render-pipelines.core/Runtime/Debugging/Prefabs/Widgets/DebugUI Foldout.prefab
  artifactKey: Guid(1c87ab2ce8b8b304d98fbe9a734b1f74) Importer(815301076,1909f56bfc062723c751e8b465ee728b)
Start importing Packages/com.unity.render-pipelines.core/Runtime/Debugging/Prefabs/Widgets/DebugUI Foldout.prefab using Guid(1c87ab2ce8b8b304d98fbe9a734b1f74) Importer(815301076,1909f56bfc062723c751e8b465ee728b)  -> (artifact id: '5c3fe7dcf3664f93d0d614910fcc21d1') in 0.009872 seconds 
  Import took 0.020140 seconds .

========================================================================
Received Import Request.
  Time since last request: 0.000550 seconds.
  path: Assets/Materials/StarSparrow/Prefabs/BonusContent/Asteroid Lava Red.prefab
  artifactKey: Guid(7bd2a54807fe48140b0f1ffb9ef19273) Importer(815301076,1909f56bfc062723c751e8b465ee728b)
Start importing Assets/Materials/StarSparrow/Prefabs/BonusContent/Asteroid Lava Red.prefab using Guid(7bd2a54807fe48140b0f1ffb9ef19273) Importer(815301076,1909f56bfc062723c751e8b465ee728b)  -> (artifact id: '9ee2e784562998293f4b1e86a7b30339') in 0.020548 seconds 
  Import took 0.029078 seconds .

========================================================================
Received Import Request.
  Time since last request: 0.001398 seconds.
  path: Packages/com.unity.render-pipelines.core/Runtime/Debugging/Prefabs/Widgets/DebugUI EnumField.prefab
  artifactKey: Guid(988db55689193434fb0b3b89538f978f) Importer(815301076,1909f56bfc062723c751e8b465ee728b)
Start importing Packages/com.unity.render-pipelines.core/Runtime/Debugging/Prefabs/Widgets/DebugUI EnumField.prefab using Guid(988db55689193434fb0b3b89538f978f) Importer(815301076,1909f56bfc062723c751e8b465ee728b)  -> (artifact id: '9119d7ed84615a08aa72b310287aeada') in 0.009328 seconds 
  Import took 0.017189 seconds .

========================================================================
Received Import Request.
  Time since last request: 0.000539 seconds.
  path: Packages/com.unity.render-pipelines.core/Runtime/Debugging/Prefabs/Widgets/DebugUI FloatField.prefab
  artifactKey: Guid(7d4fd3415ea7dd64bbcfe13fb48a730b) Importer(815301076,1909f56bfc062723c751e8b465ee728b)
Start importing Packages/com.unity.render-pipelines.core/Runtime/Debugging/Prefabs/Widgets/DebugUI FloatField.prefab using Guid(7d4fd3415ea7dd64bbcfe13fb48a730b) Importer(815301076,1909f56bfc062723c751e8b465ee728b)  -> (artifact id: 'af04fb2b8f3c4fa2627fce2c7b55295e') in 0.010205 seconds 
  Import took 0.019513 seconds .

========================================================================
Received Import Request.
  Time since last request: 0.000531 seconds.
  path: Packages/com.unity.render-pipelines.core/Runtime/Debugging/Prefabs/Widgets/DebugUI BitField.prefab
  artifactKey: Guid(7c78b588b2e1f7c4a86ca4a985cf6e4a) Importer(815301076,1909f56bfc062723c751e8b465ee728b)
Start importing Packages/com.unity.render-pipelines.core/Runtime/Debugging/Prefabs/Widgets/DebugUI BitField.prefab using Guid(7c78b588b2e1f7c4a86ca4a985cf6e4a) Importer(815301076,1909f56bfc062723c751e8b465ee728b)  -> (artifact id: '5e67e8107717c4b5644a650f7cc15d06') in 0.027348 seconds 
  Import took 0.036345 seconds .

========================================================================
Received Import Request.
  Time since last request: 0.000651 seconds.
  path: Packages/com.unity.render-pipelines.core/Runtime/Debugging/Prefabs/Resources/DebugUI Canvas.prefab
  artifactKey: Guid(cf6cbdd672089a84796e55a21fed1cbe) Importer(815301076,1909f56bfc062723c751e8b465ee728b)
Start importing Packages/com.unity.render-pipelines.core/Runtime/Debugging/Prefabs/Resources/DebugUI Canvas.prefab using Guid(cf6cbdd672089a84796e55a21fed1cbe) Importer(815301076,1909f56bfc062723c751e8b465ee728b)  -> (artifact id: '43321f3fb00124ffc497d9f896f539d2') in 0.056777 seconds 
  Import took 0.091651 seconds .

========================================================================
Received Prepare
Registering precompiled user dll's ...
Registered in 0.003592 seconds.
Begin MonoManager ReloadAssembly
Native extension for WindowsStandalone target not found
Refreshing native plugins compatible for Editor in 0.53 ms, found 2 plugins.
Preloading 0 native plugins for Editor in 0.00 ms.
Mono: successfully reloaded assembly
- Completed reload, in  1.139 seconds
Domain Reload Profiling:
	ReloadAssembly (1140ms)
		BeginReloadAssembly (140ms)
			ExecutionOrderSort (0ms)
			DisableScriptedObjects (4ms)
			BackupInstance (0ms)
			ReleaseScriptingObjects (0ms)
			CreateAndSetChildDomain (42ms)
		EndReloadAssembly (925ms)
			LoadAssemblies (110ms)
			RebuildTransferFunctionScriptingTraits (0ms)
			SetupTypeCache (350ms)
			ReleaseScriptCaches (1ms)
			RebuildScriptCaches (45ms)
			SetupLoadedEditorAssemblies (319ms)
				LogAssemblyErrors (0ms)
				InitializePlatformSupportModulesInManaged (6ms)
				SetLoadedEditorAssemblies (1ms)
				RefreshPlugins (1ms)
				BeforeProcessingInitializeOnLoad (72ms)
				ProcessInitializeOnLoadAttributes (226ms)
				ProcessInitializeOnLoadMethodAttributes (4ms)
				AfterProcessingInitializeOnLoad (10ms)
				EditorAssembliesLoaded (0ms)
			ExecutionOrderSort2 (0ms)
			AwakeInstancesAfterBackupRestoration (7ms)
Platform modules already initialized, skipping
Refreshing native plugins compatible for Editor in 0.66 ms, found 2 plugins.
Preloading 0 native plugins for Editor in 0.00 ms.
Unloading 2756 Unused Serialized files (Serialized files now loaded: 0)
System memory in use before: 122.9 MB.
System memory in use after: 123.1 MB.

Unloading 15 unused Assets to reduce memory usage. Loaded Objects now: 3305.
Total: 3.792000 ms (FindLiveObjects: 0.283400 ms CreateObjectMapping: 0.133900 ms MarkObjects: 3.314900 ms  DeleteObjects: 0.058700 ms)

AssetImportParameters requested are different than current active one (requested -> active):
  custom:framework-win-MediaFoundation: 216162199b28c13a410421893ffa2e32 -> 
  custom:video-decoder-ogg-theora: a1e56fd34408186e4bbccfd4996cb3dc -> 
  custom:container-muxer-webm: aa71ff27fc2769a1b78a27578f13a17b -> 
  custom:container-demuxer-webm: 4f35f7cbe854078d1ac9338744f61a02 -> 
  custom:container-demuxer-ogg: 62fdf1f143b41e24485cea50d1cbac27 -> 
  custom:video-encoder-webm-vp8: eb34c28f22e8b96e1ab97ce403110664 -> 
  custom:video-decoder-webm-vp8: 9c59270c3fd7afecdb556c50c9e8de78 -> 
  custom:audio-decoder-ogg-vorbis: bf7c407c2cedff20999df2af8eb42d56 -> 
  custom:audio-encoder-webm-vorbis: bf7c407c2cedff20999df2af8eb42d56 -> 
========================================================================
Received Import Request.
  Time since last request: 56.093195 seconds.
  path: Assets/New Shader Graph.shadergraph
  artifactKey: Guid(ef64d2f4c8637704abbbc3acfe70c131) Importer(815301076,1909f56bfc062723c751e8b465ee728b)
Start importing Assets/New Shader Graph.shadergraph using Guid(ef64d2f4c8637704abbbc3acfe70c131) Importer(815301076,1909f56bfc062723c751e8b465ee728b)  -> (artifact id: '40c7d274e4bf5ac7d4d549923b10cd56') in 0.025042 seconds 
  Import took 0.055503 seconds .

========================================================================
Received Import Request.
  Time since last request: 27.436268 seconds.
  path: Assets/Portial.mat
  artifactKey: Guid(6ca2e4f150da64b4096eb44771e692da) Importer(815301076,1909f56bfc062723c751e8b465ee728b)
Start importing Assets/Portial.mat using Guid(6ca2e4f150da64b4096eb44771e692da) Importer(815301076,1909f56bfc062723c751e8b465ee728b)  -> (artifact id: '834891a4ecb1fc4be08ef20569d076de') in 0.059225 seconds 
  Import took 0.126450 seconds .

AssetImportWorkerClient::OnTransportError - code=2 error=End of file
