Using pre-set license
Built from '2020.3/staging' branch; Version is '2020.3.19f1 (68f137dc9bbe) revision 6877495'; Using compiler version '192528614'; Build Type 'Release'
OS: 'Windows 10 Home China; OS build 19044.1706; Version 2009; 64bit' Language: 'zh' Physical Memory: 8111 MB
BatchMode: 1, IsHumanControllingUs: 0, StartBugReporterOnCrash: 0, Is64bit: 1, IsPro: 0

COMMAND LINE ARGUMENTS:
C:\Program Files\Unity\Hub\Editor\2020.3.19f1\Editor\Unity.exe
-adb2
-batchMode
-noUpm
-name
AssetImportWorker0
-projectPath
E:/大四/Game Engines 2/Game-Engines-2/My project
-logFile
Logs/AssetImportWorker0.log
-srvPort
52951
Successfully changed project path to: E:/大四/Game Engines 2/Game-Engines-2/My project
E:/大四/Game Engines 2/Game-Engines-2/My project
Using Asset Import Pipeline V2.
Refreshing native plugins compatible for Editor in 56.14 ms, found 2 plugins.
Preloading 0 native plugins for Editor in 0.00 ms.
Initialize engine version: 2020.3.19f1 (68f137dc9bbe)
[Subsystems] Discovering subsystems at path C:/Program Files/Unity/Hub/Editor/2020.3.19f1/Editor/Data/Resources/UnitySubsystems
[Subsystems] Discovering subsystems at path E:/大四/Game Engines 2/Game-Engines-2/My project/Assets
GfxDevice: creating device client; threaded=0
Direct3D:
    Version:  Direct3D 11.0 [level 11.1]
    Renderer: NVIDIA GeForce GTX 1050 (ID=0x1c8d)
    Vendor:   
    VRAM:     4021 MB
    Driver:   30.0.14.7196
Initialize mono
Mono path[0] = 'C:/Program Files/Unity/Hub/Editor/2020.3.19f1/Editor/Data/Managed'
Mono path[1] = 'C:/Program Files/Unity/Hub/Editor/2020.3.19f1/Editor/Data/MonoBleedingEdge/lib/mono/unityjit'
Mono config path = 'C:/Program Files/Unity/Hub/Editor/2020.3.19f1/Editor/Data/MonoBleedingEdge/etc'
Using monoOptions --debugger-agent=transport=dt_socket,embedding=1,server=y,suspend=n,address=127.0.0.1:56464
Begin MonoManager ReloadAssembly
Registering precompiled unity dll's ...
Register platform support module: C:/Program Files/Unity/Hub/Editor/2020.3.19f1/Editor/Data/PlaybackEngines/WindowsStandaloneSupport/UnityEditor.WindowsStandalone.Extensions.dll
Registered in 0.002819 seconds.
Native extension for WindowsStandalone target not found
Refreshing native plugins compatible for Editor in 54.50 ms, found 2 plugins.
Preloading 0 native plugins for Editor in 0.00 ms.
Mono: successfully reloaded assembly
- Completed reload, in  1.404 seconds
Domain Reload Profiling:
	ReloadAssembly (1404ms)
		BeginReloadAssembly (62ms)
			ExecutionOrderSort (0ms)
			DisableScriptedObjects (0ms)
			BackupInstance (0ms)
			ReleaseScriptingObjects (0ms)
			CreateAndSetChildDomain (1ms)
		EndReloadAssembly (469ms)
			LoadAssemblies (58ms)
			RebuildTransferFunctionScriptingTraits (0ms)
			SetupTypeCache (185ms)
			ReleaseScriptCaches (0ms)
			RebuildScriptCaches (33ms)
			SetupLoadedEditorAssemblies (184ms)
				LogAssemblyErrors (0ms)
				InitializePlatformSupportModulesInManaged (4ms)
				SetLoadedEditorAssemblies (1ms)
				RefreshPlugins (55ms)
				BeforeProcessingInitializeOnLoad (8ms)
				ProcessInitializeOnLoadAttributes (84ms)
				ProcessInitializeOnLoadMethodAttributes (32ms)
				AfterProcessingInitializeOnLoad (0ms)
				EditorAssembliesLoaded (0ms)
			ExecutionOrderSort2 (0ms)
			AwakeInstancesAfterBackupRestoration (0ms)
Platform modules already initialized, skipping
Registering precompiled user dll's ...
Registered in 0.003014 seconds.
Begin MonoManager ReloadAssembly
Native extension for WindowsStandalone target not found
Refreshing native plugins compatible for Editor in 90.36 ms, found 2 plugins.
Preloading 0 native plugins for Editor in 0.00 ms.
Mono: successfully reloaded assembly
- Completed reload, in  1.905 seconds
Domain Reload Profiling:
	ReloadAssembly (1906ms)
		BeginReloadAssembly (278ms)
			ExecutionOrderSort (0ms)
			DisableScriptedObjects (10ms)
			BackupInstance (0ms)
			ReleaseScriptingObjects (0ms)
			CreateAndSetChildDomain (44ms)
		EndReloadAssembly (1521ms)
			LoadAssemblies (173ms)
			RebuildTransferFunctionScriptingTraits (0ms)
			SetupTypeCache (557ms)
			ReleaseScriptCaches (1ms)
			RebuildScriptCaches (86ms)
			SetupLoadedEditorAssemblies (523ms)
				LogAssemblyErrors (0ms)
				InitializePlatformSupportModulesInManaged (11ms)
				SetLoadedEditorAssemblies (0ms)
				RefreshPlugins (91ms)
				BeforeProcessingInitializeOnLoad (121ms)
				ProcessInitializeOnLoadAttributes (281ms)
				ProcessInitializeOnLoadMethodAttributes (5ms)
				AfterProcessingInitializeOnLoad (12ms)
				EditorAssembliesLoaded (2ms)
			ExecutionOrderSort2 (0ms)
			AwakeInstancesAfterBackupRestoration (7ms)
Platform modules already initialized, skipping
========================================================================
Worker process is ready to serve import requests
Launched and connected shader compiler UnityShaderCompiler.exe after 0.35 seconds
Refreshing native plugins compatible for Editor in 1.09 ms, found 2 plugins.
Preloading 0 native plugins for Editor in 0.00 ms.
Unloading 2819 Unused Serialized files (Serialized files now loaded: 0)
System memory in use before: 124.1 MB.
System memory in use after: 124.3 MB.

Unloading 18 unused Assets to reduce memory usage. Loaded Objects now: 3257.
Total: 5.114200 ms (FindLiveObjects: 0.505300 ms CreateObjectMapping: 0.287400 ms MarkObjects: 4.223300 ms  DeleteObjects: 0.095800 ms)

AssetImportParameters requested are different than current active one (requested -> active):
  custom:framework-win-MediaFoundation: 216162199b28c13a410421893ffa2e32 -> 
  custom:video-decoder-ogg-theora: a1e56fd34408186e4bbccfd4996cb3dc -> 
  custom:container-muxer-webm: aa71ff27fc2769a1b78a27578f13a17b -> 
  custom:container-demuxer-webm: 4f35f7cbe854078d1ac9338744f61a02 -> 
  custom:container-demuxer-ogg: 62fdf1f143b41e24485cea50d1cbac27 -> 
  custom:video-encoder-webm-vp8: eb34c28f22e8b96e1ab97ce403110664 -> 
  custom:video-decoder-webm-vp8: 9c59270c3fd7afecdb556c50c9e8de78 -> 
  custom:audio-decoder-ogg-vorbis: bf7c407c2cedff20999df2af8eb42d56 -> 
  custom:audio-encoder-webm-vorbis: bf7c407c2cedff20999df2af8eb42d56 -> 
========================================================================
Received Import Request.
  path: Assets/Portal Shader.shadergraph
  artifactKey: Guid(f9d8bf3d87e459749a75af067734938a) Importer(815301076,1909f56bfc062723c751e8b465ee728b)
Start importing Assets/Portal Shader.shadergraph using Guid(f9d8bf3d87e459749a75af067734938a) Importer(815301076,1909f56bfc062723c751e8b465ee728b)  -> (artifact id: 'aef469957cca3ddd4fda571379ae150a') in 0.280849 seconds 
  Import took 0.328709 seconds .

========================================================================
Received Import Request.
  Time since last request: 716.270228 seconds.
  path: Assets/Materials/StarSparrow/Textures/BonusContent/Asteroids/AsteroidsLava_Blue.png
  artifactKey: Guid(9c6df97ed7064654ea974c842c85ea3d) Importer(815301076,1909f56bfc062723c751e8b465ee728b)
Start importing Assets/Materials/StarSparrow/Textures/BonusContent/Asteroids/AsteroidsLava_Blue.png using Guid(9c6df97ed7064654ea974c842c85ea3d) Importer(815301076,1909f56bfc062723c751e8b465ee728b)  -> (artifact id: '3e5d4b1c3e1e5336cb44dd73463a14de') in 0.299514 seconds 
  Import took 0.331229 seconds .

========================================================================
Received Import Request.
  Time since last request: 0.000684 seconds.
  path: Assets/Materials/StarSparrow/Textures/BonusContent/Asteroids/AsteroidsLava_Normal.png
  artifactKey: Guid(3f67e2f5233dc6546a70f67b5c084495) Importer(815301076,1909f56bfc062723c751e8b465ee728b)
Start importing Assets/Materials/StarSparrow/Textures/BonusContent/Asteroids/AsteroidsLava_Normal.png using Guid(3f67e2f5233dc6546a70f67b5c084495) Importer(815301076,1909f56bfc062723c751e8b465ee728b)  -> (artifact id: '0fa72ba68e2e8a98e0ba12d5e109a018') in 0.118380 seconds 
  Import took 0.143051 seconds .

========================================================================
Received Import Request.
  Time since last request: 0.001012 seconds.
  path: Assets/Materials/StarSparrow/Textures/BonusContent/Asteroids/AsteroidsLava_EmissionBlue.png
  artifactKey: Guid(853e3999ffda83a44a905e31b9b2f8a0) Importer(815301076,1909f56bfc062723c751e8b465ee728b)
Start importing Assets/Materials/StarSparrow/Textures/BonusContent/Asteroids/AsteroidsLava_EmissionBlue.png using Guid(853e3999ffda83a44a905e31b9b2f8a0) Importer(815301076,1909f56bfc062723c751e8b465ee728b)  -> (artifact id: '0707ebd781c3588dc6c0ad39bc339c17') in 0.031797 seconds 
  Import took 0.050018 seconds .

========================================================================
Received Import Request.
  Time since last request: 0.001616 seconds.
  path: Assets/Materials/StarSparrow/Textures/BonusContent/Asteroids/AsteroidsLava_EmissionRed.png
  artifactKey: Guid(e313900dfc5e97e418383a91c126fe36) Importer(815301076,1909f56bfc062723c751e8b465ee728b)
Start importing Assets/Materials/StarSparrow/Textures/BonusContent/Asteroids/AsteroidsLava_EmissionRed.png using Guid(e313900dfc5e97e418383a91c126fe36) Importer(815301076,1909f56bfc062723c751e8b465ee728b)  -> (artifact id: '83d20e074003d8c9e9312aae86f8f2f6') in 0.036561 seconds 
  Import took 0.069738 seconds .

========================================================================
Received Import Request.
  Time since last request: 0.000553 seconds.
  path: Assets/Materials/StarSparrow/Textures/BonusContent/MissileBomb/Bomb_Emission.png
  artifactKey: Guid(ef46d1ea853d99e4fbaf7d2049aa1537) Importer(815301076,1909f56bfc062723c751e8b465ee728b)
Start importing Assets/Materials/StarSparrow/Textures/BonusContent/MissileBomb/Bomb_Emission.png using Guid(ef46d1ea853d99e4fbaf7d2049aa1537) Importer(815301076,1909f56bfc062723c751e8b465ee728b)  -> (artifact id: 'dcded45357aa49737196a3e6f8284069') in 0.014447 seconds 
  Import took 0.021015 seconds .

========================================================================
Received Import Request.
  Time since last request: 0.000588 seconds.
  path: Assets/Materials/StarSparrow/Textures/BonusContent/MissileBomb/Bomb_Grey.png
  artifactKey: Guid(79766b9d7d57b854fa14ff073d34a0f6) Importer(815301076,1909f56bfc062723c751e8b465ee728b)
Start importing Assets/Materials/StarSparrow/Textures/BonusContent/MissileBomb/Bomb_Grey.png using Guid(79766b9d7d57b854fa14ff073d34a0f6) Importer(815301076,1909f56bfc062723c751e8b465ee728b)  -> (artifact id: 'bfd86b217c04fb2f6c63cfa2f93f71a3') in 0.039456 seconds 
  Import took 0.065978 seconds .

========================================================================
Received Import Request.
  Time since last request: 0.000662 seconds.
  path: Assets/Materials/StarSparrow/Textures/BonusContent/Asteroids/AsteroidsLava_Grey.png
  artifactKey: Guid(795d73f8d514ef943bdeca72975d452d) Importer(815301076,1909f56bfc062723c751e8b465ee728b)
Start importing Assets/Materials/StarSparrow/Textures/BonusContent/Asteroids/AsteroidsLava_Grey.png using Guid(795d73f8d514ef943bdeca72975d452d) Importer(815301076,1909f56bfc062723c751e8b465ee728b)  -> (artifact id: '0833fb5208343daf088f96726622b929') in 0.035013 seconds 
  Import took 0.071477 seconds .

========================================================================
Received Import Request.
  Time since last request: 0.000684 seconds.
  path: Assets/Materials/StarSparrow/Textures/BonusContent/Asteroids/AsteroidsLava_Red.png
  artifactKey: Guid(5712fdd066d766b498459de6a869ba0e) Importer(815301076,1909f56bfc062723c751e8b465ee728b)
Start importing Assets/Materials/StarSparrow/Textures/BonusContent/Asteroids/AsteroidsLava_Red.png using Guid(5712fdd066d766b498459de6a869ba0e) Importer(815301076,1909f56bfc062723c751e8b465ee728b)  -> (artifact id: '60c9ea64d62ffc71b57b82b15e0c72f0') in 0.106383 seconds 
  Import took 0.148676 seconds .

========================================================================
Received Import Request.
  Time since last request: 0.510201 seconds.
  path: Assets/Materials/StarSparrow/Textures/BonusContent/MissileBomb/Bomb_MetallicSmoothness.png
  artifactKey: Guid(859aa0c16660ddf4c910e8d21103fcc8) Importer(815301076,1909f56bfc062723c751e8b465ee728b)
Start importing Assets/Materials/StarSparrow/Textures/BonusContent/MissileBomb/Bomb_MetallicSmoothness.png using Guid(859aa0c16660ddf4c910e8d21103fcc8) Importer(815301076,1909f56bfc062723c751e8b465ee728b)  -> (artifact id: 'bfbc3d3ceb470bd0b8298b5f36ed97e9') in 0.031101 seconds 
  Import took 0.038939 seconds .

========================================================================
Received Import Request.
  Time since last request: 0.000874 seconds.
  path: Assets/Materials/StarSparrow/Textures/BonusContent/MissileBomb/Bomb_Normal.png
  artifactKey: Guid(98a18c0634080da40a446c86ad6083b5) Importer(815301076,1909f56bfc062723c751e8b465ee728b)
Start importing Assets/Materials/StarSparrow/Textures/BonusContent/MissileBomb/Bomb_Normal.png using Guid(98a18c0634080da40a446c86ad6083b5) Importer(815301076,1909f56bfc062723c751e8b465ee728b)  -> (artifact id: '7722c7836cf53c82f3d0da8b55e10675') in 0.031185 seconds 
  Import took 0.071180 seconds .

========================================================================
Received Import Request.
  Time since last request: 0.439411 seconds.
  path: Assets/Materials/StarSparrow/Textures/BonusContent/Planet/Clouds.png
  artifactKey: Guid(478a6b3965fdb3749a9bbce2e0036b1d) Importer(815301076,1909f56bfc062723c751e8b465ee728b)
Start importing Assets/Materials/StarSparrow/Textures/BonusContent/Planet/Clouds.png using Guid(478a6b3965fdb3749a9bbce2e0036b1d) Importer(815301076,1909f56bfc062723c751e8b465ee728b)  -> (artifact id: '24e4215261cab7ad996741552e1264bd') in 0.147826 seconds 
  Import took 0.166479 seconds .

========================================================================
Received Import Request.
  Time since last request: 0.000675 seconds.
  path: Assets/Materials/StarSparrow/Textures/BonusContent/PolygonSpaceship/ColorsAtlas.png
  artifactKey: Guid(c1ee5e0ae2c553846ae8c36436a6754d) Importer(815301076,1909f56bfc062723c751e8b465ee728b)
Start importing Assets/Materials/StarSparrow/Textures/BonusContent/PolygonSpaceship/ColorsAtlas.png using Guid(c1ee5e0ae2c553846ae8c36436a6754d) Importer(815301076,1909f56bfc062723c751e8b465ee728b)  -> (artifact id: '801014990842168f1b57a1a3a392d32e') in 0.036378 seconds 
  Import took 0.043421 seconds .

========================================================================
Received Import Request.
  Time since last request: 2.189036 seconds.
  path: Assets/Materials/StarSparrow/Textures/BonusContent/FlyingInsect/FlyingInsect_MetallicSmoothness.png
  artifactKey: Guid(1081a96ded5ed4d40bc35d5e1925bed6) Importer(815301076,1909f56bfc062723c751e8b465ee728b)
Start importing Assets/Materials/StarSparrow/Textures/BonusContent/FlyingInsect/FlyingInsect_MetallicSmoothness.png using Guid(1081a96ded5ed4d40bc35d5e1925bed6) Importer(815301076,1909f56bfc062723c751e8b465ee728b)  -> (artifact id: 'd5ca3d5178f0a4555508248e2258720f') in 0.071435 seconds 
  Import took 0.094917 seconds .

========================================================================
Received Import Request.
  Time since last request: 0.000644 seconds.
  path: Assets/Materials/StarSparrow/Textures/BonusContent/FlyingInsect/FlyingInsect_Purple.png
  artifactKey: Guid(ab00a42ce58ed8346aac0ec3ebc03d43) Importer(815301076,1909f56bfc062723c751e8b465ee728b)
Start importing Assets/Materials/StarSparrow/Textures/BonusContent/FlyingInsect/FlyingInsect_Purple.png using Guid(ab00a42ce58ed8346aac0ec3ebc03d43) Importer(815301076,1909f56bfc062723c751e8b465ee728b)  -> (artifact id: 'bdeb6dac9490be02de57199b20ad188c') in 0.032181 seconds 
  Import took 0.052493 seconds .

========================================================================
Received Import Request.
  Time since last request: 0.000620 seconds.
  path: Assets/Materials/StarSparrow/Textures/BonusContent/FlyingInsect/FlyingInsect_Normal.png
  artifactKey: Guid(56788cf7355aae243a176c2002e84e15) Importer(815301076,1909f56bfc062723c751e8b465ee728b)
Start importing Assets/Materials/StarSparrow/Textures/BonusContent/FlyingInsect/FlyingInsect_Normal.png using Guid(56788cf7355aae243a176c2002e84e15) Importer(815301076,1909f56bfc062723c751e8b465ee728b)  -> (artifact id: '5b80cc69dd855fa7581bfb1a6dec8c36') in 0.060767 seconds 
  Import took 0.085013 seconds .

========================================================================
Received Import Request.
  Time since last request: 0.125702 seconds.
  path: Assets/Materials/StarSparrow/Textures/BonusContent/Mines/MineSample1_Blue.png
  artifactKey: Guid(6f4ecb0f36aa22b4e93e4b434947cfa8) Importer(815301076,1909f56bfc062723c751e8b465ee728b)
Start importing Assets/Materials/StarSparrow/Textures/BonusContent/Mines/MineSample1_Blue.png using Guid(6f4ecb0f36aa22b4e93e4b434947cfa8) Importer(815301076,1909f56bfc062723c751e8b465ee728b)  -> (artifact id: '78ee56d74867f8f2432887599998eb0d') in 0.027626 seconds 
  Import took 0.034672 seconds .

========================================================================
Received Import Request.
  Time since last request: 0.000497 seconds.
  path: Assets/Materials/StarSparrow/Textures/BonusContent/Mines/MineSample1_EmissionBlue.png
  artifactKey: Guid(6dcf0670d2ea1ca4987d2a0e3d9ab0a8) Importer(815301076,1909f56bfc062723c751e8b465ee728b)
Start importing Assets/Materials/StarSparrow/Textures/BonusContent/Mines/MineSample1_EmissionBlue.png using Guid(6dcf0670d2ea1ca4987d2a0e3d9ab0a8) Importer(815301076,1909f56bfc062723c751e8b465ee728b)  -> (artifact id: 'd05b78c685863f757440d3cf8ae71daf') in 0.019781 seconds 
  Import took 0.026251 seconds .

========================================================================
Received Import Request.
  Time since last request: 0.617970 seconds.
  path: Assets/Materials/StarSparrow/Textures/BonusContent/Mines/MineSample1_MetallicSmoothness.png
  artifactKey: Guid(8d0f2071706729c4d95bb30b050bc137) Importer(815301076,1909f56bfc062723c751e8b465ee728b)
Start importing Assets/Materials/StarSparrow/Textures/BonusContent/Mines/MineSample1_MetallicSmoothness.png using Guid(8d0f2071706729c4d95bb30b050bc137) Importer(815301076,1909f56bfc062723c751e8b465ee728b)  -> (artifact id: 'e3adecbd42b56c155b56e7503354766f') in 0.018301 seconds 
  Import took 0.026679 seconds .

========================================================================
Received Import Request.
  Time since last request: 0.000512 seconds.
  path: Assets/Materials/StarSparrow/Textures/BonusContent/Mines/MineSample1_Normal.png
  artifactKey: Guid(a909b68486656de4986628989cc5f12a) Importer(815301076,1909f56bfc062723c751e8b465ee728b)
Start importing Assets/Materials/StarSparrow/Textures/BonusContent/Mines/MineSample1_Normal.png using Guid(a909b68486656de4986628989cc5f12a) Importer(815301076,1909f56bfc062723c751e8b465ee728b)  -> (artifact id: '9d98d3d485ebd6bb097be356479b5643') in 0.028512 seconds 
  Import took 0.047685 seconds .

========================================================================
Received Import Request.
  Time since last request: 0.042603 seconds.
  path: Assets/Materials/StarSparrow/Textures/BonusContent/Mines/MineSample2_Brown.png
  artifactKey: Guid(89444bc8e26f111479c9f9b288546a0c) Importer(815301076,1909f56bfc062723c751e8b465ee728b)
Start importing Assets/Materials/StarSparrow/Textures/BonusContent/Mines/MineSample2_Brown.png using Guid(89444bc8e26f111479c9f9b288546a0c) Importer(815301076,1909f56bfc062723c751e8b465ee728b)  -> (artifact id: '513eeaadc940e07290a932c08b74dfbb') in 0.029801 seconds 
  Import took 0.053824 seconds .

========================================================================
Received Import Request.
  Time since last request: 0.000714 seconds.
  path: Assets/Materials/StarSparrow/Textures/BonusContent/Mines/MineSample2_EmissionRed.png
  artifactKey: Guid(86edf433314501c41b7b4916da943bc1) Importer(815301076,1909f56bfc062723c751e8b465ee728b)
Start importing Assets/Materials/StarSparrow/Textures/BonusContent/Mines/MineSample2_EmissionRed.png using Guid(86edf433314501c41b7b4916da943bc1) Importer(815301076,1909f56bfc062723c751e8b465ee728b)  -> (artifact id: 'cb3e77ea08af8b55576f86eb1ed29b28') in 0.032347 seconds 
  Import took 0.052849 seconds .

========================================================================
Received Import Request.
  Time since last request: 0.351548 seconds.
  path: Assets/Materials/StarSparrow/Textures/BonusContent/Mines/MineSample2_MetallicSmoothness.png
  artifactKey: Guid(0ff802439110fec41b4c0bda29885e3a) Importer(815301076,1909f56bfc062723c751e8b465ee728b)
Start importing Assets/Materials/StarSparrow/Textures/BonusContent/Mines/MineSample2_MetallicSmoothness.png using Guid(0ff802439110fec41b4c0bda29885e3a) Importer(815301076,1909f56bfc062723c751e8b465ee728b)  -> (artifact id: 'b18283a8457e7c9e11ab113ffcbb37f5') in 0.030578 seconds 
  Import took 0.039860 seconds .

========================================================================
Received Import Request.
  Time since last request: 0.001254 seconds.
  path: Assets/Materials/StarSparrow/Textures/BonusContent/Mines/MineSample2_Normal.png
  artifactKey: Guid(69ef4596fd4f3034f91923605a279538) Importer(815301076,1909f56bfc062723c751e8b465ee728b)
Start importing Assets/Materials/StarSparrow/Textures/BonusContent/Mines/MineSample2_Normal.png using Guid(69ef4596fd4f3034f91923605a279538) Importer(815301076,1909f56bfc062723c751e8b465ee728b)  -> (artifact id: 'bfe45611c4592416a5e4a854a506890f') in 0.033309 seconds 
  Import took 0.040392 seconds .

========================================================================
Received Import Request.
  Time since last request: 0.000562 seconds.
  path: Assets/Materials/StarSparrow/Textures/BonusContent/MissileBomb/Missile_Emission.png
  artifactKey: Guid(7895bb88d21b82e4c86e0e53289c8afe) Importer(815301076,1909f56bfc062723c751e8b465ee728b)
Start importing Assets/Materials/StarSparrow/Textures/BonusContent/MissileBomb/Missile_Emission.png using Guid(7895bb88d21b82e4c86e0e53289c8afe) Importer(815301076,1909f56bfc062723c751e8b465ee728b)  -> (artifact id: '05832b780ceb417dcae5c72807c617a0') in 0.022549 seconds 
  Import took 0.028261 seconds .

========================================================================
Received Import Request.
  Time since last request: 0.000473 seconds.
  path: Assets/Materials/StarSparrow/Textures/BonusContent/MissileBomb/Missile_Grey.png
  artifactKey: Guid(da3c18cd4f90b7d48900ea3471d8d61d) Importer(815301076,1909f56bfc062723c751e8b465ee728b)
Start importing Assets/Materials/StarSparrow/Textures/BonusContent/MissileBomb/Missile_Grey.png using Guid(da3c18cd4f90b7d48900ea3471d8d61d) Importer(815301076,1909f56bfc062723c751e8b465ee728b)  -> (artifact id: 'f0800dd95ed4932751ea07573a1ea453') in 0.027504 seconds 
  Import took 0.033976 seconds .

========================================================================
Received Import Request.
  Time since last request: 0.012128 seconds.
  path: Assets/Materials/StarSparrow/Textures/BonusContent/MissileBomb/Missile_MetallicSmoothness.png
  artifactKey: Guid(704376da483ef144db57a9c8a2b71253) Importer(815301076,1909f56bfc062723c751e8b465ee728b)
Start importing Assets/Materials/StarSparrow/Textures/BonusContent/MissileBomb/Missile_MetallicSmoothness.png using Guid(704376da483ef144db57a9c8a2b71253) Importer(815301076,1909f56bfc062723c751e8b465ee728b)  -> (artifact id: '41576b5e3e3105225f9c10f33ea996d0') in 0.044851 seconds 
  Import took 0.066534 seconds .

========================================================================
Received Import Request.
  Time since last request: 0.000541 seconds.
  path: Assets/Materials/StarSparrow/Textures/BonusContent/MissileBomb/Missile_Normal.png
  artifactKey: Guid(50cd73a325d3a0145a19c956de7950a5) Importer(815301076,1909f56bfc062723c751e8b465ee728b)
Start importing Assets/Materials/StarSparrow/Textures/BonusContent/MissileBomb/Missile_Normal.png using Guid(50cd73a325d3a0145a19c956de7950a5) Importer(815301076,1909f56bfc062723c751e8b465ee728b)  -> (artifact id: '6bbeba6fa0f7846de702cc4c8286774d') in 0.036588 seconds 
  Import took 0.058071 seconds .

========================================================================
Received Import Request.
  Time since last request: 4.010979 seconds.
  path: Assets/Materials/StarSparrow/Textures/BonusContent/Planet/Tinniuq_Albedo.png
  artifactKey: Guid(b617caa5ef54773409f566190c82a16d) Importer(815301076,1909f56bfc062723c751e8b465ee728b)
Start importing Assets/Materials/StarSparrow/Textures/BonusContent/Planet/Tinniuq_Albedo.png using Guid(b617caa5ef54773409f566190c82a16d) Importer(815301076,1909f56bfc062723c751e8b465ee728b)  -> (artifact id: '1f9c9709d596ba8df4f0b58984ef265f') in 0.093891 seconds 
  Import took 0.113463 seconds .

========================================================================
Received Import Request.
  Time since last request: 0.000651 seconds.
  path: Assets/Materials/StarSparrow/Textures/BonusContent/Planet/Tinniuq_MetallicSmoothness.png
  artifactKey: Guid(35c503943e9b94a49a5cf140d6154a75) Importer(815301076,1909f56bfc062723c751e8b465ee728b)
Start importing Assets/Materials/StarSparrow/Textures/BonusContent/Planet/Tinniuq_MetallicSmoothness.png using Guid(35c503943e9b94a49a5cf140d6154a75) Importer(815301076,1909f56bfc062723c751e8b465ee728b)  -> (artifact id: 'c01250a4374f71d72af2204b02250def') in 0.039933 seconds 
  Import took 0.048992 seconds .

========================================================================
Received Import Request.
  Time since last request: 0.193918 seconds.
  path: Assets/Materials/StarSparrow/Textures/BonusContent/Planet/Tinniuq_Normal.png
  artifactKey: Guid(cbdbc14d991fe424c8ad8afda55c8e6c) Importer(815301076,1909f56bfc062723c751e8b465ee728b)
Start importing Assets/Materials/StarSparrow/Textures/BonusContent/Planet/Tinniuq_Normal.png using Guid(cbdbc14d991fe424c8ad8afda55c8e6c) Importer(815301076,1909f56bfc062723c751e8b465ee728b)  -> (artifact id: 'a504c5023badc8e5154e1ef4dd4b145f') in 0.150805 seconds 
  Import took 0.171311 seconds .

========================================================================
Received Import Request.
  Time since last request: 444.240900 seconds.
  path: Assets/Shader Graphs_Portal Shader.mat
  artifactKey: Guid(c42c84ec92ef92b4eac302c835875fa1) Importer(815301076,1909f56bfc062723c751e8b465ee728b)
Start importing Assets/Shader Graphs_Portal Shader.mat using Guid(c42c84ec92ef92b4eac302c835875fa1) Importer(815301076,1909f56bfc062723c751e8b465ee728b)  -> (artifact id: 'a35bfda914a6e90309a8e692236e59bd') in 0.160900 seconds 
  Import took 0.178807 seconds .

========================================================================
Received Import Request.
  Time since last request: 32.980791 seconds.
  path: Assets/Portal.mat
  artifactKey: Guid(c42c84ec92ef92b4eac302c835875fa1) Importer(815301076,1909f56bfc062723c751e8b465ee728b)
Start importing Assets/Portal.mat using Guid(c42c84ec92ef92b4eac302c835875fa1) Importer(815301076,1909f56bfc062723c751e8b465ee728b)  -> (artifact id: '5f16620cc087ac8a4f548916ab045de8') in 0.022182 seconds 
  Import took 0.047577 seconds .

========================================================================
Received Import Request.
  Time since last request: 53.704750 seconds.
  path: Assets/Portal Shader.shadergraph
  artifactKey: Guid(f9d8bf3d87e459749a75af067734938a) Importer(815301076,1909f56bfc062723c751e8b465ee728b)
Start importing Assets/Portal Shader.shadergraph using Guid(f9d8bf3d87e459749a75af067734938a) Importer(815301076,1909f56bfc062723c751e8b465ee728b)  -> (artifact id: '1f8515dfc5d55f794e992b3d84368049') in 0.006379 seconds 
  Import took 0.013928 seconds .

========================================================================
Received Import Request.
  Time since last request: 11.182839 seconds.
  path: Assets/Protal.mat
  artifactKey: Guid(7b9e6875ec47f804c92af63a7257f745) Importer(815301076,1909f56bfc062723c751e8b465ee728b)
Start importing Assets/Protal.mat using Guid(7b9e6875ec47f804c92af63a7257f745) Importer(815301076,1909f56bfc062723c751e8b465ee728b)  -> (artifact id: 'cc2798907200a3d6d91416d1dcdd3d61') in 0.019585 seconds 
  Import took 0.041419 seconds .

========================================================================
Received Import Request.
  Time since last request: 318.571075 seconds.
  path: Assets/Portal Shader.shadergraph
  artifactKey: Guid(f9d8bf3d87e459749a75af067734938a) Importer(815301076,1909f56bfc062723c751e8b465ee728b)
Start importing Assets/Portal Shader.shadergraph using Guid(f9d8bf3d87e459749a75af067734938a) Importer(815301076,1909f56bfc062723c751e8b465ee728b)  -> (artifact id: '1d9cb01d69abca82bbe55c04cd8cb565') in 0.006912 seconds 
  Import took 0.026593 seconds .

========================================================================
Received Import Request.
  Time since last request: 129.099042 seconds.
  path: Assets/Shader Graphs_Portal Shader.mat
  artifactKey: Guid(a404ccd0f6aa73c4490fd1f57faffd9d) Importer(815301076,1909f56bfc062723c751e8b465ee728b)
Start importing Assets/Shader Graphs_Portal Shader.mat using Guid(a404ccd0f6aa73c4490fd1f57faffd9d) Importer(815301076,1909f56bfc062723c751e8b465ee728b)  -> (artifact id: '648dbc593e494b5a9f279c965016f915') in 0.019192 seconds 
  Import took 0.052291 seconds .

========================================================================
Received Import Request.
  Time since last request: 238.627729 seconds.
  path: Assets/New Shader Graph.shadergraph
  artifactKey: Guid(23e1c198385248d45ba65b9d08cd0a97) Importer(815301076,1909f56bfc062723c751e8b465ee728b)
Start importing Assets/New Shader Graph.shadergraph using Guid(23e1c198385248d45ba65b9d08cd0a97) Importer(815301076,1909f56bfc062723c751e8b465ee728b)  -> (artifact id: '9c046418e2c58ea231b60d68d56c6dbe') in 0.008277 seconds 
  Import took 0.019844 seconds .

========================================================================
Received Prepare
Registering precompiled user dll's ...
Registered in 0.002310 seconds.
Begin MonoManager ReloadAssembly
Native extension for WindowsStandalone target not found
Refreshing native plugins compatible for Editor in 38.06 ms, found 2 plugins.
Preloading 0 native plugins for Editor in 0.00 ms.
Mono: successfully reloaded assembly
- Completed reload, in  1.249 seconds
Domain Reload Profiling:
	ReloadAssembly (1250ms)
		BeginReloadAssembly (223ms)
			ExecutionOrderSort (0ms)
			DisableScriptedObjects (9ms)
			BackupInstance (0ms)
			ReleaseScriptingObjects (0ms)
			CreateAndSetChildDomain (113ms)
		EndReloadAssembly (947ms)
			LoadAssemblies (109ms)
			RebuildTransferFunctionScriptingTraits (0ms)
			SetupTypeCache (314ms)
			ReleaseScriptCaches (1ms)
			RebuildScriptCaches (44ms)
			SetupLoadedEditorAssemblies (341ms)
				LogAssemblyErrors (0ms)
				InitializePlatformSupportModulesInManaged (5ms)
				SetLoadedEditorAssemblies (0ms)
				RefreshPlugins (38ms)
				BeforeProcessingInitializeOnLoad (68ms)
				ProcessInitializeOnLoadAttributes (214ms)
				ProcessInitializeOnLoadMethodAttributes (4ms)
				AfterProcessingInitializeOnLoad (10ms)
				EditorAssembliesLoaded (0ms)
			ExecutionOrderSort2 (0ms)
			AwakeInstancesAfterBackupRestoration (7ms)
Platform modules already initialized, skipping
Refreshing native plugins compatible for Editor in 0.45 ms, found 2 plugins.
Preloading 0 native plugins for Editor in 0.00 ms.
Unloading 1556 Unused Serialized files (Serialized files now loaded: 0)
System memory in use before: 96.9 MB.
System memory in use after: 97.1 MB.

Unloading 314 unused Assets to reduce memory usage. Loaded Objects now: 3001.
Total: 3.853700 ms (FindLiveObjects: 0.277300 ms CreateObjectMapping: 0.123100 ms MarkObjects: 3.245500 ms  DeleteObjects: 0.206300 ms)

AssetImportParameters requested are different than current active one (requested -> active):
  custom:framework-win-MediaFoundation: 216162199b28c13a410421893ffa2e32 -> 
  custom:video-decoder-ogg-theora: a1e56fd34408186e4bbccfd4996cb3dc -> 
  custom:container-muxer-webm: aa71ff27fc2769a1b78a27578f13a17b -> 
  custom:container-demuxer-webm: 4f35f7cbe854078d1ac9338744f61a02 -> 
  custom:container-demuxer-ogg: 62fdf1f143b41e24485cea50d1cbac27 -> 
  custom:video-encoder-webm-vp8: eb34c28f22e8b96e1ab97ce403110664 -> 
  custom:video-decoder-webm-vp8: 9c59270c3fd7afecdb556c50c9e8de78 -> 
  custom:audio-decoder-ogg-vorbis: bf7c407c2cedff20999df2af8eb42d56 -> 
  custom:audio-encoder-webm-vorbis: bf7c407c2cedff20999df2af8eb42d56 -> 
========================================================================
Received Import Request.
  Time since last request: 160.836399 seconds.
  path: Assets/Portal Shader.shadergraph
  artifactKey: Guid(f9d8bf3d87e459749a75af067734938a) Importer(815301076,1909f56bfc062723c751e8b465ee728b)
Start importing Assets/Portal Shader.shadergraph using Guid(f9d8bf3d87e459749a75af067734938a) Importer(815301076,1909f56bfc062723c751e8b465ee728b)  -> (artifact id: '49123f80400f6751fb3ed62aa9d9b233') in 0.041716 seconds 
  Import took 0.054664 seconds .

========================================================================
Received Prepare
Registering precompiled user dll's ...
Registered in 0.003062 seconds.
Begin MonoManager ReloadAssembly
Native extension for WindowsStandalone target not found
Refreshing native plugins compatible for Editor in 56.09 ms, found 2 plugins.
Preloading 0 native plugins for Editor in 0.00 ms.
Mono: successfully reloaded assembly
- Completed reload, in  1.179 seconds
Domain Reload Profiling:
	ReloadAssembly (1180ms)
		BeginReloadAssembly (120ms)
			ExecutionOrderSort (0ms)
			DisableScriptedObjects (5ms)
			BackupInstance (0ms)
			ReleaseScriptingObjects (0ms)
			CreateAndSetChildDomain (35ms)
		EndReloadAssembly (991ms)
			LoadAssemblies (98ms)
			RebuildTransferFunctionScriptingTraits (0ms)
			SetupTypeCache (339ms)
			ReleaseScriptCaches (1ms)
			RebuildScriptCaches (47ms)
			SetupLoadedEditorAssemblies (376ms)
				LogAssemblyErrors (0ms)
				InitializePlatformSupportModulesInManaged (4ms)
				SetLoadedEditorAssemblies (0ms)
				RefreshPlugins (56ms)
				BeforeProcessingInitializeOnLoad (76ms)
				ProcessInitializeOnLoadAttributes (225ms)
				ProcessInitializeOnLoadMethodAttributes (4ms)
				AfterProcessingInitializeOnLoad (10ms)
				EditorAssembliesLoaded (0ms)
			ExecutionOrderSort2 (0ms)
			AwakeInstancesAfterBackupRestoration (7ms)
Platform modules already initialized, skipping
Refreshing native plugins compatible for Editor in 0.54 ms, found 2 plugins.
Preloading 0 native plugins for Editor in 0.00 ms.
Unloading 2756 Unused Serialized files (Serialized files now loaded: 0)
System memory in use before: 121.7 MB.
System memory in use after: 121.9 MB.

Unloading 13 unused Assets to reduce memory usage. Loaded Objects now: 3304.
Total: 3.813900 ms (FindLiveObjects: 0.313400 ms CreateObjectMapping: 0.129000 ms MarkObjects: 3.316000 ms  DeleteObjects: 0.053800 ms)

AssetImportParameters requested are different than current active one (requested -> active):
  custom:framework-win-MediaFoundation: 216162199b28c13a410421893ffa2e32 -> 
  custom:video-decoder-ogg-theora: a1e56fd34408186e4bbccfd4996cb3dc -> 
  custom:container-muxer-webm: aa71ff27fc2769a1b78a27578f13a17b -> 
  custom:container-demuxer-webm: 4f35f7cbe854078d1ac9338744f61a02 -> 
  custom:container-demuxer-ogg: 62fdf1f143b41e24485cea50d1cbac27 -> 
  custom:video-encoder-webm-vp8: eb34c28f22e8b96e1ab97ce403110664 -> 
  custom:video-decoder-webm-vp8: 9c59270c3fd7afecdb556c50c9e8de78 -> 
  custom:audio-decoder-ogg-vorbis: bf7c407c2cedff20999df2af8eb42d56 -> 
  custom:audio-encoder-webm-vorbis: bf7c407c2cedff20999df2af8eb42d56 -> 
========================================================================
Received Import Request.
  Time since last request: 149.584561 seconds.
  path: Assets/Portal Shader.shadergraph
  artifactKey: Guid(f9d8bf3d87e459749a75af067734938a) Importer(815301076,1909f56bfc062723c751e8b465ee728b)
Start importing Assets/Portal Shader.shadergraph using Guid(f9d8bf3d87e459749a75af067734938a) Importer(815301076,1909f56bfc062723c751e8b465ee728b)  -> (artifact id: '4d8c7e39876a09352c41115c74b1585b') in 0.032950 seconds 
  Import took 0.060300 seconds .

========================================================================
Received Import Request.
  Time since last request: 119.797410 seconds.
  path: Assets/Portal Shader.shadergraph
  artifactKey: Guid(f9d8bf3d87e459749a75af067734938a) Importer(815301076,1909f56bfc062723c751e8b465ee728b)
Start importing Assets/Portal Shader.shadergraph using Guid(f9d8bf3d87e459749a75af067734938a) Importer(815301076,1909f56bfc062723c751e8b465ee728b)  -> (artifact id: 'd234b8d11edddf66373f29ff20d7e9fe') in 0.005273 seconds 
  Import took 0.035400 seconds .

========================================================================
Received Prepare
Registering precompiled user dll's ...
Registered in 0.002455 seconds.
Begin MonoManager ReloadAssembly
Native extension for WindowsStandalone target not found
Refreshing native plugins compatible for Editor in 32.76 ms, found 2 plugins.
Preloading 0 native plugins for Editor in 0.00 ms.
Mono: successfully reloaded assembly
- Completed reload, in  1.126 seconds
Domain Reload Profiling:
	ReloadAssembly (1126ms)
		BeginReloadAssembly (149ms)
			ExecutionOrderSort (0ms)
			DisableScriptedObjects (7ms)
			BackupInstance (0ms)
			ReleaseScriptingObjects (0ms)
			CreateAndSetChildDomain (46ms)
		EndReloadAssembly (895ms)
			LoadAssemblies (101ms)
			RebuildTransferFunctionScriptingTraits (0ms)
			SetupTypeCache (323ms)
			ReleaseScriptCaches (1ms)
			RebuildScriptCaches (43ms)
			SetupLoadedEditorAssemblies (317ms)
				LogAssemblyErrors (0ms)
				InitializePlatformSupportModulesInManaged (4ms)
				SetLoadedEditorAssemblies (0ms)
				RefreshPlugins (33ms)
				BeforeProcessingInitializeOnLoad (66ms)
				ProcessInitializeOnLoadAttributes (198ms)
				ProcessInitializeOnLoadMethodAttributes (5ms)
				AfterProcessingInitializeOnLoad (10ms)
				EditorAssembliesLoaded (0ms)
			ExecutionOrderSort2 (0ms)
			AwakeInstancesAfterBackupRestoration (7ms)
Platform modules already initialized, skipping
Refreshing native plugins compatible for Editor in 0.38 ms, found 2 plugins.
Preloading 0 native plugins for Editor in 0.00 ms.
Unloading 1555 Unused Serialized files (Serialized files now loaded: 0)
System memory in use before: 97.1 MB.
System memory in use after: 97.3 MB.

Unloading 313 unused Assets to reduce memory usage. Loaded Objects now: 3005.
Total: 3.815900 ms (FindLiveObjects: 0.262200 ms CreateObjectMapping: 0.111900 ms MarkObjects: 3.254900 ms  DeleteObjects: 0.185500 ms)

AssetImportParameters requested are different than current active one (requested -> active):
  custom:framework-win-MediaFoundation: 216162199b28c13a410421893ffa2e32 -> 
  custom:video-decoder-ogg-theora: a1e56fd34408186e4bbccfd4996cb3dc -> 
  custom:container-muxer-webm: aa71ff27fc2769a1b78a27578f13a17b -> 
  custom:container-demuxer-webm: 4f35f7cbe854078d1ac9338744f61a02 -> 
  custom:container-demuxer-ogg: 62fdf1f143b41e24485cea50d1cbac27 -> 
  custom:video-encoder-webm-vp8: eb34c28f22e8b96e1ab97ce403110664 -> 
  custom:video-decoder-webm-vp8: 9c59270c3fd7afecdb556c50c9e8de78 -> 
  custom:audio-decoder-ogg-vorbis: bf7c407c2cedff20999df2af8eb42d56 -> 
  custom:audio-encoder-webm-vorbis: bf7c407c2cedff20999df2af8eb42d56 -> 
========================================================================
Received Import Request.
  Time since last request: 53.197868 seconds.
  path: Assets/Portal Shader.shadergraph
  artifactKey: Guid(f9d8bf3d87e459749a75af067734938a) Importer(815301076,1909f56bfc062723c751e8b465ee728b)
Start importing Assets/Portal Shader.shadergraph using Guid(f9d8bf3d87e459749a75af067734938a) Importer(815301076,1909f56bfc062723c751e8b465ee728b)  -> (artifact id: '39b412c55405de31c1a7f1bf77df6e59') in 0.018602 seconds 
  Import took 0.046582 seconds .

========================================================================
Received Prepare
Registering precompiled user dll's ...
Registered in 0.003400 seconds.
Begin MonoManager ReloadAssembly
Native extension for WindowsStandalone target not found
Refreshing native plugins compatible for Editor in 50.53 ms, found 2 plugins.
Preloading 0 native plugins for Editor in 0.00 ms.
Mono: successfully reloaded assembly
- Completed reload, in  1.113 seconds
Domain Reload Profiling:
	ReloadAssembly (1113ms)
		BeginReloadAssembly (129ms)
			ExecutionOrderSort (0ms)
			DisableScriptedObjects (5ms)
			BackupInstance (0ms)
			ReleaseScriptingObjects (0ms)
			CreateAndSetChildDomain (34ms)
		EndReloadAssembly (916ms)
			LoadAssemblies (98ms)
			RebuildTransferFunctionScriptingTraits (0ms)
			SetupTypeCache (309ms)
			ReleaseScriptCaches (1ms)
			RebuildScriptCaches (48ms)
			SetupLoadedEditorAssemblies (338ms)
				LogAssemblyErrors (0ms)
				InitializePlatformSupportModulesInManaged (4ms)
				SetLoadedEditorAssemblies (0ms)
				RefreshPlugins (51ms)
				BeforeProcessingInitializeOnLoad (69ms)
				ProcessInitializeOnLoadAttributes (200ms)
				ProcessInitializeOnLoadMethodAttributes (4ms)
				AfterProcessingInitializeOnLoad (10ms)
				EditorAssembliesLoaded (0ms)
			ExecutionOrderSort2 (0ms)
			AwakeInstancesAfterBackupRestoration (7ms)
Platform modules already initialized, skipping
Refreshing native plugins compatible for Editor in 0.58 ms, found 2 plugins.
Preloading 0 native plugins for Editor in 0.00 ms.
Unloading 2756 Unused Serialized files (Serialized files now loaded: 0)
System memory in use before: 121.7 MB.
System memory in use after: 122.0 MB.

Unloading 13 unused Assets to reduce memory usage. Loaded Objects now: 3308.
Total: 3.762700 ms (FindLiveObjects: 0.320700 ms CreateObjectMapping: 0.231300 ms MarkObjects: 3.154300 ms  DeleteObjects: 0.055000 ms)

AssetImportParameters requested are different than current active one (requested -> active):
  custom:framework-win-MediaFoundation: 216162199b28c13a410421893ffa2e32 -> 
  custom:video-decoder-ogg-theora: a1e56fd34408186e4bbccfd4996cb3dc -> 
  custom:container-muxer-webm: aa71ff27fc2769a1b78a27578f13a17b -> 
  custom:container-demuxer-webm: 4f35f7cbe854078d1ac9338744f61a02 -> 
  custom:container-demuxer-ogg: 62fdf1f143b41e24485cea50d1cbac27 -> 
  custom:video-encoder-webm-vp8: eb34c28f22e8b96e1ab97ce403110664 -> 
  custom:video-decoder-webm-vp8: 9c59270c3fd7afecdb556c50c9e8de78 -> 
  custom:audio-decoder-ogg-vorbis: bf7c407c2cedff20999df2af8eb42d56 -> 
  custom:audio-encoder-webm-vorbis: bf7c407c2cedff20999df2af8eb42d56 -> 
========================================================================
Received Import Request.
  Time since last request: 80.472746 seconds.
  path: Assets/Portal Shader.shadergraph
  artifactKey: Guid(f9d8bf3d87e459749a75af067734938a) Importer(815301076,1909f56bfc062723c751e8b465ee728b)
Start importing Assets/Portal Shader.shadergraph using Guid(f9d8bf3d87e459749a75af067734938a) Importer(815301076,1909f56bfc062723c751e8b465ee728b)  -> (artifact id: '7eea97cd7b5042662cd32838571ec41e') in 0.019343 seconds 
  Import took 0.038392 seconds .

========================================================================
Received Import Request.
  Time since last request: 146.779025 seconds.
  path: Assets/New Shader Graph.shadergraph
  artifactKey: Guid(23e1c198385248d45ba65b9d08cd0a97) Importer(815301076,1909f56bfc062723c751e8b465ee728b)
Start importing Assets/New Shader Graph.shadergraph using Guid(23e1c198385248d45ba65b9d08cd0a97) Importer(815301076,1909f56bfc062723c751e8b465ee728b)  -> (artifact id: '627fb3ce69240aac89ba27bcf7e46f2f') in 0.006404 seconds 
  Import took 0.015664 seconds .

========================================================================
Received Prepare
Registering precompiled user dll's ...
Registered in 0.002630 seconds.
Begin MonoManager ReloadAssembly
Native extension for WindowsStandalone target not found
Refreshing native plugins compatible for Editor in 37.16 ms, found 2 plugins.
Preloading 0 native plugins for Editor in 0.00 ms.
Mono: successfully reloaded assembly
- Completed reload, in  1.122 seconds
Domain Reload Profiling:
	ReloadAssembly (1123ms)
		BeginReloadAssembly (145ms)
			ExecutionOrderSort (0ms)
			DisableScriptedObjects (5ms)
			BackupInstance (0ms)
			ReleaseScriptingObjects (0ms)
			CreateAndSetChildDomain (41ms)
		EndReloadAssembly (903ms)
			LoadAssemblies (105ms)
			RebuildTransferFunctionScriptingTraits (0ms)
			SetupTypeCache (327ms)
			ReleaseScriptCaches (1ms)
			RebuildScriptCaches (43ms)
			SetupLoadedEditorAssemblies (315ms)
				LogAssemblyErrors (0ms)
				InitializePlatformSupportModulesInManaged (4ms)
				SetLoadedEditorAssemblies (0ms)
				RefreshPlugins (37ms)
				BeforeProcessingInitializeOnLoad (65ms)
				ProcessInitializeOnLoadAttributes (194ms)
				ProcessInitializeOnLoadMethodAttributes (5ms)
				AfterProcessingInitializeOnLoad (10ms)
				EditorAssembliesLoaded (0ms)
			ExecutionOrderSort2 (0ms)
			AwakeInstancesAfterBackupRestoration (7ms)
Platform modules already initialized, skipping
Refreshing native plugins compatible for Editor in 0.37 ms, found 2 plugins.
Preloading 0 native plugins for Editor in 0.00 ms.
Unloading 1555 Unused Serialized files (Serialized files now loaded: 0)
System memory in use before: 97.1 MB.
System memory in use after: 97.3 MB.

Unloading 313 unused Assets to reduce memory usage. Loaded Objects now: 3009.
Total: 3.698600 ms (FindLiveObjects: 0.274400 ms CreateObjectMapping: 0.112600 ms MarkObjects: 3.141400 ms  DeleteObjects: 0.169100 ms)

AssetImportParameters requested are different than current active one (requested -> active):
  custom:framework-win-MediaFoundation: 216162199b28c13a410421893ffa2e32 -> 
  custom:video-decoder-ogg-theora: a1e56fd34408186e4bbccfd4996cb3dc -> 
  custom:container-muxer-webm: aa71ff27fc2769a1b78a27578f13a17b -> 
  custom:container-demuxer-webm: 4f35f7cbe854078d1ac9338744f61a02 -> 
  custom:container-demuxer-ogg: 62fdf1f143b41e24485cea50d1cbac27 -> 
  custom:video-encoder-webm-vp8: eb34c28f22e8b96e1ab97ce403110664 -> 
  custom:video-decoder-webm-vp8: 9c59270c3fd7afecdb556c50c9e8de78 -> 
  custom:audio-decoder-ogg-vorbis: bf7c407c2cedff20999df2af8eb42d56 -> 
  custom:audio-encoder-webm-vorbis: bf7c407c2cedff20999df2af8eb42d56 -> 
========================================================================
Received Prepare
Registering precompiled user dll's ...
Registered in 0.003200 seconds.
Begin MonoManager ReloadAssembly
Native extension for WindowsStandalone target not found
Refreshing native plugins compatible for Editor in 54.32 ms, found 2 plugins.
Preloading 0 native plugins for Editor in 0.00 ms.
Mono: successfully reloaded assembly
- Completed reload, in  1.112 seconds
Domain Reload Profiling:
	ReloadAssembly (1112ms)
		BeginReloadAssembly (123ms)
			ExecutionOrderSort (0ms)
			DisableScriptedObjects (4ms)
			BackupInstance (0ms)
			ReleaseScriptingObjects (0ms)
			CreateAndSetChildDomain (34ms)
		EndReloadAssembly (922ms)
			LoadAssemblies (97ms)
			RebuildTransferFunctionScriptingTraits (0ms)
			SetupTypeCache (301ms)
			ReleaseScriptCaches (1ms)
			RebuildScriptCaches (44ms)
			SetupLoadedEditorAssemblies (353ms)
				LogAssemblyErrors (0ms)
				InitializePlatformSupportModulesInManaged (4ms)
				SetLoadedEditorAssemblies (0ms)
				RefreshPlugins (54ms)
				BeforeProcessingInitializeOnLoad (67ms)
				ProcessInitializeOnLoadAttributes (212ms)
				ProcessInitializeOnLoadMethodAttributes (4ms)
				AfterProcessingInitializeOnLoad (11ms)
				EditorAssembliesLoaded (0ms)
			ExecutionOrderSort2 (0ms)
			AwakeInstancesAfterBackupRestoration (7ms)
Platform modules already initialized, skipping
Refreshing native plugins compatible for Editor in 0.58 ms, found 2 plugins.
Preloading 0 native plugins for Editor in 0.00 ms.
Unloading 2756 Unused Serialized files (Serialized files now loaded: 0)
System memory in use before: 121.6 MB.
System memory in use after: 121.9 MB.

Unloading 13 unused Assets to reduce memory usage. Loaded Objects now: 3312.
Total: 3.802000 ms (FindLiveObjects: 0.392400 ms CreateObjectMapping: 0.117100 ms MarkObjects: 3.242800 ms  DeleteObjects: 0.048100 ms)

AssetImportParameters requested are different than current active one (requested -> active):
  custom:framework-win-MediaFoundation: 216162199b28c13a410421893ffa2e32 -> 
  custom:video-decoder-ogg-theora: a1e56fd34408186e4bbccfd4996cb3dc -> 
  custom:container-muxer-webm: aa71ff27fc2769a1b78a27578f13a17b -> 
  custom:container-demuxer-webm: 4f35f7cbe854078d1ac9338744f61a02 -> 
  custom:container-demuxer-ogg: 62fdf1f143b41e24485cea50d1cbac27 -> 
  custom:video-encoder-webm-vp8: eb34c28f22e8b96e1ab97ce403110664 -> 
  custom:video-decoder-webm-vp8: 9c59270c3fd7afecdb556c50c9e8de78 -> 
  custom:audio-decoder-ogg-vorbis: bf7c407c2cedff20999df2af8eb42d56 -> 
  custom:audio-encoder-webm-vorbis: bf7c407c2cedff20999df2af8eb42d56 -> 
========================================================================
Received Import Request.
  Time since last request: 467.552577 seconds.
  path: Assets/Portal Shader.shadergraph
  artifactKey: Guid(f9d8bf3d87e459749a75af067734938a) Importer(815301076,1909f56bfc062723c751e8b465ee728b)
Start importing Assets/Portal Shader.shadergraph using Guid(f9d8bf3d87e459749a75af067734938a) Importer(815301076,1909f56bfc062723c751e8b465ee728b)  -> (artifact id: '4513072bb8d66bfa8d7f6e97a7f45f97') in 0.031024 seconds 
  Import took 0.047413 seconds .

========================================================================
Received Import Request.
  Time since last request: 205.901946 seconds.
  path: Packages/com.unity.render-pipelines.core/Runtime/Debugging/Prefabs/Widgets/DebugUI HBox.prefab
  artifactKey: Guid(f7f5e36797cf0c1408561665c67b179b) Importer(815301076,1909f56bfc062723c751e8b465ee728b)
Start importing Packages/com.unity.render-pipelines.core/Runtime/Debugging/Prefabs/Widgets/DebugUI HBox.prefab using Guid(f7f5e36797cf0c1408561665c67b179b) Importer(815301076,1909f56bfc062723c751e8b465ee728b)  -> (artifact id: '30ef561e8ee6f42a9114aa364649d744') in 0.035813 seconds 
  Import took 0.148488 seconds .

========================================================================
Received Import Request.
  Time since last request: 0.000517 seconds.
  path: Packages/com.unity.render-pipelines.core/Runtime/Debugging/Prefabs/Resources/DebugUI Persistent Canvas.prefab
  artifactKey: Guid(f6b1a0fe75d5009449cf55ae76220e2b) Importer(815301076,1909f56bfc062723c751e8b465ee728b)
Start importing Packages/com.unity.render-pipelines.core/Runtime/Debugging/Prefabs/Resources/DebugUI Persistent Canvas.prefab using Guid(f6b1a0fe75d5009449cf55ae76220e2b) Importer(815301076,1909f56bfc062723c751e8b465ee728b)  -> (artifact id: '0b8f9e2987def51d4df904719ce1e848') in 0.055185 seconds 
  Import took 0.086200 seconds .

========================================================================
Received Import Request.
  Time since last request: 0.000608 seconds.
  path: Packages/com.unity.render-pipelines.core/Runtime/Debugging/Prefabs/Widgets/DebugUI Vector3.prefab
  artifactKey: Guid(94afea5f242d72547979595ba963f335) Importer(815301076,1909f56bfc062723c751e8b465ee728b)
Start importing Packages/com.unity.render-pipelines.core/Runtime/Debugging/Prefabs/Widgets/DebugUI Vector3.prefab using Guid(94afea5f242d72547979595ba963f335) Importer(815301076,1909f56bfc062723c751e8b465ee728b)  -> (artifact id: '427bd6a1d37020f428c30b798459a2f3') in 0.032854 seconds 
  Import took 0.060267 seconds .

========================================================================
Received Import Request.
  Time since last request: 0.000459 seconds.
  path: Packages/com.unity.render-pipelines.core/Runtime/Debugging/Prefabs/Widgets/DebugUI Row.prefab
  artifactKey: Guid(2d019437ff89b8d44949727731cd9357) Importer(815301076,1909f56bfc062723c751e8b465ee728b)
Start importing Packages/com.unity.render-pipelines.core/Runtime/Debugging/Prefabs/Widgets/DebugUI Row.prefab using Guid(2d019437ff89b8d44949727731cd9357) Importer(815301076,1909f56bfc062723c751e8b465ee728b)  -> (artifact id: '17fe18e75ec0f2ff811eca3c93e59033') in 0.023720 seconds 
  Import took 0.056163 seconds .

========================================================================
Received Import Request.
  Time since last request: 0.000430 seconds.
  path: Packages/com.unity.render-pipelines.core/Runtime/Debugging/Prefabs/Widgets/DebugUI ToggleHistory.prefab
  artifactKey: Guid(5088d0220f0c4df439cf06c5c270eacb) Importer(815301076,1909f56bfc062723c751e8b465ee728b)
Start importing Packages/com.unity.render-pipelines.core/Runtime/Debugging/Prefabs/Widgets/DebugUI ToggleHistory.prefab using Guid(5088d0220f0c4df439cf06c5c270eacb) Importer(815301076,1909f56bfc062723c751e8b465ee728b)  -> (artifact id: 'c99603b12e42c656a7fb3cc69739c7c6') in 0.015151 seconds 
  Import took 0.054478 seconds .

========================================================================
Received Import Request.
  Time since last request: 0.000478 seconds.
  path: Packages/com.unity.render-pipelines.core/Runtime/Debugging/Prefabs/Widgets/DebugUI Panel.prefab
  artifactKey: Guid(daa46a58178a6ad41ae1ddc2dc7f856d) Importer(815301076,1909f56bfc062723c751e8b465ee728b)
Start importing Packages/com.unity.render-pipelines.core/Runtime/Debugging/Prefabs/Widgets/DebugUI Panel.prefab using Guid(daa46a58178a6ad41ae1ddc2dc7f856d) Importer(815301076,1909f56bfc062723c751e8b465ee728b)  -> (artifact id: '90525d92a120443c0a9abb3b8852cf22') in 0.022596 seconds 
  Import took 0.039873 seconds .

========================================================================
Received Import Request.
  Time since last request: 0.000467 seconds.
  path: Packages/com.unity.render-pipelines.core/Runtime/Debugging/Prefabs/Widgets/DebugUI UIntField.prefab
  artifactKey: Guid(f22bcc84a5f4a1944b075a2c4ac71493) Importer(815301076,1909f56bfc062723c751e8b465ee728b)
Start importing Packages/com.unity.render-pipelines.core/Runtime/Debugging/Prefabs/Widgets/DebugUI UIntField.prefab using Guid(f22bcc84a5f4a1944b075a2c4ac71493) Importer(815301076,1909f56bfc062723c751e8b465ee728b)  -> (artifact id: '6e7ef1215a9624305038a72f4993b689') in 0.007097 seconds 
  Import took 0.014719 seconds .

========================================================================
Received Import Request.
  Time since last request: 0.000682 seconds.
  path: Packages/com.unity.render-pipelines.core/Runtime/Debugging/Prefabs/Widgets/DebugUI Value.prefab
  artifactKey: Guid(dc0f88987826e6e48b1fe9c7c2b53a53) Importer(815301076,1909f56bfc062723c751e8b465ee728b)
Start importing Packages/com.unity.render-pipelines.core/Runtime/Debugging/Prefabs/Widgets/DebugUI Value.prefab using Guid(dc0f88987826e6e48b1fe9c7c2b53a53) Importer(815301076,1909f56bfc062723c751e8b465ee728b)  -> (artifact id: '0dcb3708e10b7415dd1a6a0234afcd77') in 0.009567 seconds 
  Import took 0.046360 seconds .

========================================================================
Received Import Request.
  Time since last request: 0.000513 seconds.
  path: Packages/com.unity.render-pipelines.core/Runtime/Debugging/Prefabs/Widgets/DebugUI Vector4.prefab
  artifactKey: Guid(d47f009476100f545971a81ede14c750) Importer(815301076,1909f56bfc062723c751e8b465ee728b)
Start importing Packages/com.unity.render-pipelines.core/Runtime/Debugging/Prefabs/Widgets/DebugUI Vector4.prefab using Guid(d47f009476100f545971a81ede14c750) Importer(815301076,1909f56bfc062723c751e8b465ee728b)  -> (artifact id: '022c47c48deae49cc5cdb54e57f566b1') in 0.013066 seconds 
  Import took 0.020296 seconds .

========================================================================
Received Import Request.
  Time since last request: 0.000575 seconds.
  path: Packages/com.unity.render-pipelines.core/Runtime/Debugging/Prefabs/Widgets/DebugUI IntField.prefab
  artifactKey: Guid(ae00bb75e0cd5b04b8fe7fb4ab662629) Importer(815301076,1909f56bfc062723c751e8b465ee728b)
Start importing Packages/com.unity.render-pipelines.core/Runtime/Debugging/Prefabs/Widgets/DebugUI IntField.prefab using Guid(ae00bb75e0cd5b04b8fe7fb4ab662629) Importer(815301076,1909f56bfc062723c751e8b465ee728b)  -> (artifact id: 'd4fe9ef0493d803b9ac90fc5d4755a35') in 0.011185 seconds 
  Import took 0.033776 seconds .

========================================================================
Received Import Request.
  Time since last request: 0.000503 seconds.
  path: Assets/F3_Corvette/Prefabs/F3_Green Variant.prefab
  artifactKey: Guid(1b9c9bd520ad54747a98d7222069677a) Importer(815301076,1909f56bfc062723c751e8b465ee728b)
Start importing Assets/F3_Corvette/Prefabs/F3_Green Variant.prefab using Guid(1b9c9bd520ad54747a98d7222069677a) Importer(815301076,1909f56bfc062723c751e8b465ee728b)  -> (artifact id: '63d44168731d506f78f76720a3872aa1') in 0.192431 seconds 
  Import took 0.221472 seconds .

========================================================================
Received Import Request.
  Time since last request: 0.000440 seconds.
  path: Assets/F3_Corvette/Prefabs/F3_Red Variant.prefab
  artifactKey: Guid(481351381d17b144594f0cceef6ef608) Importer(815301076,1909f56bfc062723c751e8b465ee728b)
Start importing Assets/F3_Corvette/Prefabs/F3_Red Variant.prefab using Guid(481351381d17b144594f0cceef6ef608) Importer(815301076,1909f56bfc062723c751e8b465ee728b)  -> (artifact id: '1ea8183c7f614b1b74cc2eba27d719cf') in 0.042354 seconds 
  Import took 0.064519 seconds .

========================================================================
Received Import Request.
  Time since last request: 0.000436 seconds.
  path: Assets/F3_Corvette/Prefabs/F3_Grey Variant.prefab
  artifactKey: Guid(f00c8df389af47046baea2d14b531550) Importer(815301076,1909f56bfc062723c751e8b465ee728b)
Start importing Assets/F3_Corvette/Prefabs/F3_Grey Variant.prefab using Guid(f00c8df389af47046baea2d14b531550) Importer(815301076,1909f56bfc062723c751e8b465ee728b)  -> (artifact id: 'efa41483c79765b7648943b23e562e65') in 0.046894 seconds 
  Import took 0.052993 seconds .

========================================================================
Received Import Request.
  Time since last request: 0.001122 seconds.
  path: Packages/com.unity.render-pipelines.core/Runtime/Debugging/Prefabs/Widgets/DebugUI Vector2.prefab
  artifactKey: Guid(326f7c58aed965d41bf7805a782d1e44) Importer(815301076,1909f56bfc062723c751e8b465ee728b)
Start importing Packages/com.unity.render-pipelines.core/Runtime/Debugging/Prefabs/Widgets/DebugUI Vector2.prefab using Guid(326f7c58aed965d41bf7805a782d1e44) Importer(815301076,1909f56bfc062723c751e8b465ee728b)  -> (artifact id: 'efaa9f02c5f33f6c3e48278ef1f378be') in 0.011641 seconds 
  Import took 0.019782 seconds .

========================================================================
Received Import Request.
  Time since last request: 0.000454 seconds.
  path: Packages/com.unity.render-pipelines.core/Runtime/Debugging/Prefabs/Widgets/DebugUI VBox.prefab
  artifactKey: Guid(ca3e294656861a64b8aeeb9f916da0a9) Importer(815301076,1909f56bfc062723c751e8b465ee728b)
Start importing Packages/com.unity.render-pipelines.core/Runtime/Debugging/Prefabs/Widgets/DebugUI VBox.prefab using Guid(ca3e294656861a64b8aeeb9f916da0a9) Importer(815301076,1909f56bfc062723c751e8b465ee728b)  -> (artifact id: 'fb8de8e2ea5ed85b6d2eabf816063ed0') in 0.008799 seconds 
  Import took 0.015961 seconds .

========================================================================
Received Import Request.
  Time since last request: 0.000460 seconds.
  path: Packages/com.unity.render-pipelines.core/Runtime/Debugging/Prefabs/Widgets/DebugUI Toggle.prefab
  artifactKey: Guid(ce347ad101f41ee4ab5c3fbc0ea447db) Importer(815301076,1909f56bfc062723c751e8b465ee728b)
Start importing Packages/com.unity.render-pipelines.core/Runtime/Debugging/Prefabs/Widgets/DebugUI Toggle.prefab using Guid(ce347ad101f41ee4ab5c3fbc0ea447db) Importer(815301076,1909f56bfc062723c751e8b465ee728b)  -> (artifact id: 'd54c056a84d15e05e20f7a2cf365953e') in 0.012069 seconds 
  Import took 0.033302 seconds .

========================================================================
Received Import Request.
  Time since last request: 0.000493 seconds.
  path: Assets/F3_Corvette/Prefabs/F3_Yellow Variant.prefab
  artifactKey: Guid(4a44e7ddd5d26154cb1e23c0c3a2addb) Importer(815301076,1909f56bfc062723c751e8b465ee728b)
Start importing Assets/F3_Corvette/Prefabs/F3_Yellow Variant.prefab using Guid(4a44e7ddd5d26154cb1e23c0c3a2addb) Importer(815301076,1909f56bfc062723c751e8b465ee728b)  -> (artifact id: 'babe99e5e7b03116c36db94396f79a18') in 0.061167 seconds 
  Import took 0.080793 seconds .

========================================================================
Received Import Request.
  Time since last request: 0.647846 seconds.
  path: Packages/com.unity.searcher/Editor/Resources/FlatSkin/Font/Roboto-Medium.ttf
  artifactKey: Guid(a51a3aebb43ac044989270407476b208) Importer(815301076,1909f56bfc062723c751e8b465ee728b)
Start importing Packages/com.unity.searcher/Editor/Resources/FlatSkin/Font/Roboto-Medium.ttf using Guid(a51a3aebb43ac044989270407476b208) Importer(815301076,1909f56bfc062723c751e8b465ee728b)  -> (artifact id: '306af4a6553c7987fe2e6b4f8bcf8a46') in 0.215456 seconds 
  Import took 0.241921 seconds .

========================================================================
Received Import Request.
  Time since last request: 0.000560 seconds.
  path: Packages/com.unity.searcher/Editor/Resources/FlatSkin/Font/Roboto-BoldItalic.ttf
  artifactKey: Guid(dfb97a9307a577a41bcacba34b9a7e32) Importer(815301076,1909f56bfc062723c751e8b465ee728b)
Start importing Packages/com.unity.searcher/Editor/Resources/FlatSkin/Font/Roboto-BoldItalic.ttf using Guid(dfb97a9307a577a41bcacba34b9a7e32) Importer(815301076,1909f56bfc062723c751e8b465ee728b)  -> (artifact id: '81bf1bfb61ac7f4d6a7e4eb4798b4b65') in 0.034340 seconds 
  Import took 0.064036 seconds .

========================================================================
Received Import Request.
  Time since last request: 0.000412 seconds.
  path: Packages/com.unity.searcher/Editor/Resources/FlatSkin/Font/Roboto-Thin.ttf
  artifactKey: Guid(19a9abb883540be48b75b951a927ae03) Importer(815301076,1909f56bfc062723c751e8b465ee728b)
Start importing Packages/com.unity.searcher/Editor/Resources/FlatSkin/Font/Roboto-Thin.ttf using Guid(19a9abb883540be48b75b951a927ae03) Importer(815301076,1909f56bfc062723c751e8b465ee728b)  -> (artifact id: '3e5067fcee22434ca506a2370b4fff4d') in 0.041572 seconds 
  Import took 0.047207 seconds .

========================================================================
Received Import Request.
  Time since last request: 0.000445 seconds.
  path: Packages/com.unity.searcher/Editor/Resources/FlatSkin/Font/Roboto-BlackItalic.ttf
  artifactKey: Guid(f95147a9bab9fe649b8070170fa7ebd2) Importer(815301076,1909f56bfc062723c751e8b465ee728b)
Start importing Packages/com.unity.searcher/Editor/Resources/FlatSkin/Font/Roboto-BlackItalic.ttf using Guid(f95147a9bab9fe649b8070170fa7ebd2) Importer(815301076,1909f56bfc062723c751e8b465ee728b)  -> (artifact id: 'b547faaff5fd294001bed41ef76adab2') in 0.030835 seconds 
  Import took 0.083918 seconds .

========================================================================
Received Import Request.
  Time since last request: 0.000453 seconds.
  path: Packages/com.unity.searcher/Editor/Resources/FlatSkin/Font/Roboto-Bold.ttf
  artifactKey: Guid(3750c318f40cab44a97d3a81beaefeb3) Importer(815301076,1909f56bfc062723c751e8b465ee728b)
Start importing Packages/com.unity.searcher/Editor/Resources/FlatSkin/Font/Roboto-Bold.ttf using Guid(3750c318f40cab44a97d3a81beaefeb3) Importer(815301076,1909f56bfc062723c751e8b465ee728b)  -> (artifact id: '387d068e77a0bbb9c4b3cda6b0579d83') in 0.045337 seconds 
  Import took 0.050200 seconds .

========================================================================
Received Import Request.
  Time since last request: 0.000460 seconds.
  path: Packages/com.unity.searcher/Editor/Resources/FlatSkin/Font/Roboto-Italic.ttf
  artifactKey: Guid(c839255fc8f6b4b4d90bf8c1af9f9bd1) Importer(815301076,1909f56bfc062723c751e8b465ee728b)
Start importing Packages/com.unity.searcher/Editor/Resources/FlatSkin/Font/Roboto-Italic.ttf using Guid(c839255fc8f6b4b4d90bf8c1af9f9bd1) Importer(815301076,1909f56bfc062723c751e8b465ee728b)  -> (artifact id: '75348730c89fa56aa23f10dd1924a3bb') in 0.033083 seconds 
  Import took 0.052465 seconds .

========================================================================
Received Import Request.
  Time since last request: 0.000407 seconds.
  path: Packages/com.unity.searcher/Editor/Resources/FlatSkin/Font/Roboto-ThinItalic.ttf
  artifactKey: Guid(b2ea3b3f1765e544b9eb5bd1a93a91ce) Importer(815301076,1909f56bfc062723c751e8b465ee728b)
Start importing Packages/com.unity.searcher/Editor/Resources/FlatSkin/Font/Roboto-ThinItalic.ttf using Guid(b2ea3b3f1765e544b9eb5bd1a93a91ce) Importer(815301076,1909f56bfc062723c751e8b465ee728b)  -> (artifact id: '7fe535c3097f062ec3e1baa911215801') in 0.031275 seconds 
  Import took 0.047878 seconds .

========================================================================
Received Import Request.
  Time since last request: 0.000469 seconds.
  path: Packages/com.unity.searcher/Editor/Resources/FlatSkin/Font/Roboto-Regular.ttf
  artifactKey: Guid(30dc370b164eefc43b95744fc796dad0) Importer(815301076,1909f56bfc062723c751e8b465ee728b)
Start importing Packages/com.unity.searcher/Editor/Resources/FlatSkin/Font/Roboto-Regular.ttf using Guid(30dc370b164eefc43b95744fc796dad0) Importer(815301076,1909f56bfc062723c751e8b465ee728b)  -> (artifact id: '8fa5b4f089bf70adfb215145918b971c') in 0.045823 seconds 
  Import took 0.063499 seconds .

========================================================================
Received Import Request.
  Time since last request: 0.000409 seconds.
  path: Packages/com.unity.render-pipelines.universal/Runtime/Materials/Lit.mat
  artifactKey: Guid(31321ba15b8f8eb4c954353edc038b1d) Importer(815301076,1909f56bfc062723c751e8b465ee728b)
Start importing Packages/com.unity.render-pipelines.universal/Runtime/Materials/Lit.mat using Guid(31321ba15b8f8eb4c954353edc038b1d) Importer(815301076,1909f56bfc062723c751e8b465ee728b)  -> (artifact id: 'ab8edc273b2a28d00804d5495697c4d1') in 0.015050 seconds 
  Import took 0.023994 seconds .

========================================================================
Received Import Request.
  Time since last request: 0.000487 seconds.
  path: Packages/com.unity.render-pipelines.core/Runtime/Debugging/Prefabs/Fonts/Perfect DOS VGA 437.ttf
  artifactKey: Guid(74a5091d8707f334b9a5c31ef71a64ba) Importer(815301076,1909f56bfc062723c751e8b465ee728b)
Start importing Packages/com.unity.render-pipelines.core/Runtime/Debugging/Prefabs/Fonts/Perfect DOS VGA 437.ttf using Guid(74a5091d8707f334b9a5c31ef71a64ba) Importer(815301076,1909f56bfc062723c751e8b465ee728b)  -> (artifact id: 'a47252ba058fbb5d0f75af9af69e64ce') in 0.020865 seconds 
  Import took 0.040903 seconds .

========================================================================
Received Import Request.
  Time since last request: 0.000519 seconds.
  path: Packages/com.unity.searcher/Editor/Resources/FlatSkin/Font/Roboto-Light.ttf
  artifactKey: Guid(2a29e27936eb547458f646f71125b264) Importer(815301076,1909f56bfc062723c751e8b465ee728b)
Start importing Packages/com.unity.searcher/Editor/Resources/FlatSkin/Font/Roboto-Light.ttf using Guid(2a29e27936eb547458f646f71125b264) Importer(815301076,1909f56bfc062723c751e8b465ee728b)  -> (artifact id: 'ec17ac49e686b6403fba7db43313bc11') in 0.027277 seconds 
  Import took 0.054447 seconds .

========================================================================
Received Import Request.
  Time since last request: 0.000446 seconds.
  path: Packages/com.unity.searcher/Editor/Resources/FlatSkin/Font/Roboto-LightItalic.ttf
  artifactKey: Guid(5e63515167650a541b309ba3bfd4db3d) Importer(815301076,1909f56bfc062723c751e8b465ee728b)
Start importing Packages/com.unity.searcher/Editor/Resources/FlatSkin/Font/Roboto-LightItalic.ttf using Guid(5e63515167650a541b309ba3bfd4db3d) Importer(815301076,1909f56bfc062723c751e8b465ee728b)  -> (artifact id: '58a531e62da555d3bd7a437e2a69f156') in 0.019222 seconds 
  Import took 0.031980 seconds .

========================================================================
Received Import Request.
  Time since last request: 22.641938 seconds.
  path: Assets/Scenes/StarWalkers.unity
  artifactKey: Guid(1ed80a719bc88ab47b755d56edf56ab5) Importer(815301076,1909f56bfc062723c751e8b465ee728b)
Start importing Assets/Scenes/StarWalkers.unity using Guid(1ed80a719bc88ab47b755d56edf56ab5) Importer(815301076,1909f56bfc062723c751e8b465ee728b)  -> (artifact id: '3b9208b7125e9f23988063d3537046fc') in 0.004259 seconds 
  Import took 0.034264 seconds .

========================================================================
Received Import Request.
  Time since last request: 12.615405 seconds.
  path: Assets/F3_Corvette/Meshes/F3_Green.FBX
  artifactKey: Guid(24d54da20b07b7d4bb94aa91d81e854b) Importer(815301076,1909f56bfc062723c751e8b465ee728b)
Start importing Assets/F3_Corvette/Meshes/F3_Green.FBX using Guid(24d54da20b07b7d4bb94aa91d81e854b) Importer(815301076,1909f56bfc062723c751e8b465ee728b)  -> (artifact id: '7e58da2cded73b4a553d0b3196b9f4b5') in 0.653782 seconds 
  Import took 0.683372 seconds .

========================================================================
Received Import Request.
  Time since last request: 0.000444 seconds.
  path: Assets/F3_Corvette/Meshes/F3_Yellow.FBX
  artifactKey: Guid(cc3d5a73d5e4cf2498bffd1c3c5ad691) Importer(815301076,1909f56bfc062723c751e8b465ee728b)
Start importing Assets/F3_Corvette/Meshes/F3_Yellow.FBX using Guid(cc3d5a73d5e4cf2498bffd1c3c5ad691) Importer(815301076,1909f56bfc062723c751e8b465ee728b)  -> (artifact id: '8391e42ce0050e38a410820babf267ea') in 0.055151 seconds 
  Import took 0.060510 seconds .

========================================================================
Received Import Request.
  Time since last request: 0.000415 seconds.
  path: Assets/F3_Corvette/Meshes/F3_Grey.FBX
  artifactKey: Guid(7b5c9227d177ec248a8349ac8e0965be) Importer(815301076,1909f56bfc062723c751e8b465ee728b)
Start importing Assets/F3_Corvette/Meshes/F3_Grey.FBX using Guid(7b5c9227d177ec248a8349ac8e0965be) Importer(815301076,1909f56bfc062723c751e8b465ee728b)  -> (artifact id: '63d4b37890a696b5d03262ca75732885') in 0.047310 seconds 
  Import took 0.052935 seconds .

========================================================================
Received Import Request.
  Time since last request: 0.000464 seconds.
  path: Assets/F3_Corvette/Meshes/F3_Red.FBX
  artifactKey: Guid(8220d65260758dc4e8e264a8b326363f) Importer(815301076,1909f56bfc062723c751e8b465ee728b)
Start importing Assets/F3_Corvette/Meshes/F3_Red.FBX using Guid(8220d65260758dc4e8e264a8b326363f) Importer(815301076,1909f56bfc062723c751e8b465ee728b)  -> (artifact id: '7674d77088c54d5e17608eaa2893400a') in 0.045746 seconds 
  Import took 0.066315 seconds .

========================================================================
Received Import Request.
  Time since last request: 70.578547 seconds.
  path: Packages/com.unity.searcher/Editor/Resources/FlatSkin/Font/Roboto-Black.ttf
  artifactKey: Guid(1062c701058745940ae5dca6219c64c8) Importer(815301076,1909f56bfc062723c751e8b465ee728b)
Start importing Packages/com.unity.searcher/Editor/Resources/FlatSkin/Font/Roboto-Black.ttf using Guid(1062c701058745940ae5dca6219c64c8) Importer(815301076,1909f56bfc062723c751e8b465ee728b)  -> (artifact id: 'eb26cd20cfe8ba27a65eb0ccba3affd8') in 0.045895 seconds 
  Import took 0.068015 seconds .

========================================================================
Received Import Request.
  Time since last request: 0.000616 seconds.
  path: Packages/com.unity.searcher/Editor/Resources/FlatSkin/Font/Roboto-MediumItalic.ttf
  artifactKey: Guid(d93c1bc57fdf1ac4dad1bf04fac05464) Importer(815301076,1909f56bfc062723c751e8b465ee728b)
Start importing Packages/com.unity.searcher/Editor/Resources/FlatSkin/Font/Roboto-MediumItalic.ttf using Guid(d93c1bc57fdf1ac4dad1bf04fac05464) Importer(815301076,1909f56bfc062723c751e8b465ee728b)  -> (artifact id: '7f62d5059210cc27112de43185eac9d8') in 0.036287 seconds 
  Import took 0.042063 seconds .

========================================================================
Received Import Request.
  Time since last request: 5.450098 seconds.
  path: Packages/com.unity.render-pipelines.universal/Runtime/Materials/ParticlesUnlit.mat
  artifactKey: Guid(e823cd5b5d27c0f4b8256e7c12ee3e6d) Importer(815301076,1909f56bfc062723c751e8b465ee728b)
Start importing Packages/com.unity.render-pipelines.universal/Runtime/Materials/ParticlesUnlit.mat using Guid(e823cd5b5d27c0f4b8256e7c12ee3e6d) Importer(815301076,1909f56bfc062723c751e8b465ee728b)  -> (artifact id: '3ad40f01e9d41488d762fd6d85c343c1') in 0.037453 seconds 
  Import took 0.064278 seconds .

========================================================================
Received Import Request.
  Time since last request: 0.000615 seconds.
  path: Packages/com.unity.render-pipelines.universal/Runtime/Materials/SimpleLit.mat
  artifactKey: Guid(6a1143ee683302f4aa628c052723efc1) Importer(815301076,1909f56bfc062723c751e8b465ee728b)
Start importing Packages/com.unity.render-pipelines.universal/Runtime/Materials/SimpleLit.mat using Guid(6a1143ee683302f4aa628c052723efc1) Importer(815301076,1909f56bfc062723c751e8b465ee728b)  -> (artifact id: '2afdd6009410dabe4c2adf7f5e467a3f') in 0.074325 seconds 
  Import took 0.119752 seconds .

========================================================================
Received Import Request.
  Time since last request: 0.000571 seconds.
  path: Packages/com.unity.render-pipelines.universal/Runtime/Materials/Sprite-Unlit-Default.mat
  artifactKey: Guid(9dfc825aed78fcd4ba02077103263b40) Importer(815301076,1909f56bfc062723c751e8b465ee728b)
Start importing Packages/com.unity.render-pipelines.universal/Runtime/Materials/Sprite-Unlit-Default.mat using Guid(9dfc825aed78fcd4ba02077103263b40) Importer(815301076,1909f56bfc062723c751e8b465ee728b)  -> (artifact id: '150132e0efa3e9f49db7782dbc2ef5e1') in 0.139222 seconds 
  Import took 0.178116 seconds .

========================================================================
Received Import Request.
  Time since last request: 0.000468 seconds.
  path: Packages/com.unity.render-pipelines.universal/Runtime/Materials/Sprite-Lit-Default.mat
  artifactKey: Guid(a97c105638bdf8b4a8650670310a4cd3) Importer(815301076,1909f56bfc062723c751e8b465ee728b)
Start importing Packages/com.unity.render-pipelines.universal/Runtime/Materials/Sprite-Lit-Default.mat using Guid(a97c105638bdf8b4a8650670310a4cd3) Importer(815301076,1909f56bfc062723c751e8b465ee728b)  -> (artifact id: '8550c64de2a9fc4a8d35392886f95d10') in 0.014443 seconds 
  Import took 0.045526 seconds .

========================================================================
Received Import Request.
  Time since last request: 0.051509 seconds.
  path: Packages/com.unity.render-pipelines.universal/Runtime/Materials/TerrainLit.mat
  artifactKey: Guid(594ea882c5a793440b60ff72d896021e) Importer(815301076,1909f56bfc062723c751e8b465ee728b)
Start importing Packages/com.unity.render-pipelines.universal/Runtime/Materials/TerrainLit.mat using Guid(594ea882c5a793440b60ff72d896021e) Importer(815301076,1909f56bfc062723c751e8b465ee728b)  -> (artifact id: '1a5ee9367b7bafb6b44f740b797558b7') in 0.012477 seconds 
  Import took 0.034491 seconds .

========================================================================
Received Import Request.
  Time since last request: 86.306387 seconds.
  path: Assets/Materials/StarSparrow/Meshes/StarSparrow1.fbx
  artifactKey: Guid(9eafec2478441af418574f3e9e971f8d) Importer(815301076,1909f56bfc062723c751e8b465ee728b)
Start importing Assets/Materials/StarSparrow/Meshes/StarSparrow1.fbx using Guid(9eafec2478441af418574f3e9e971f8d) Importer(815301076,1909f56bfc062723c751e8b465ee728b)  -> (artifact id: '32f032eadae576e55bc41d6fc9dcb9a3') in 0.022930 seconds 
  Import took 0.115914 seconds .

========================================================================
Received Import Request.
  Time since last request: 0.000474 seconds.
  path: Assets/Materials/StarSparrow/Meshes/StarSparrow2.fbx
  artifactKey: Guid(935092da8210ce844895c8a67045f830) Importer(815301076,1909f56bfc062723c751e8b465ee728b)
Start importing Assets/Materials/StarSparrow/Meshes/StarSparrow2.fbx using Guid(935092da8210ce844895c8a67045f830) Importer(815301076,1909f56bfc062723c751e8b465ee728b)  -> (artifact id: 'e55170c8381836596a0f8786d7409ed5') in 0.036161 seconds 
  Import took 0.054220 seconds .

========================================================================
Received Import Request.
  Time since last request: 0.000371 seconds.
  path: Assets/Materials/StarSparrow/Meshes/StarSparrow8.fbx
  artifactKey: Guid(15e01a88075383240a48bc4527c69658) Importer(815301076,1909f56bfc062723c751e8b465ee728b)
Start importing Assets/Materials/StarSparrow/Meshes/StarSparrow8.fbx using Guid(15e01a88075383240a48bc4527c69658) Importer(815301076,1909f56bfc062723c751e8b465ee728b)  -> (artifact id: 'a859a6df67a526a3f0a9c8eb7b504258') in 0.031376 seconds 
  Import took 0.063475 seconds .

========================================================================
Received Import Request.
  Time since last request: 0.000868 seconds.
  path: Assets/Materials/StarSparrow/Meshes/StarSparrow10.fbx
  artifactKey: Guid(d32d4a735694a9f4f97a42117a1f919c) Importer(815301076,1909f56bfc062723c751e8b465ee728b)
Start importing Assets/Materials/StarSparrow/Meshes/StarSparrow10.fbx using Guid(d32d4a735694a9f4f97a42117a1f919c) Importer(815301076,1909f56bfc062723c751e8b465ee728b)  -> (artifact id: 'cd06bb771ad8f30730c4efff7459b670') in 0.032406 seconds 
  Import took 0.064818 seconds .

========================================================================
Received Import Request.
  Time since last request: 0.000490 seconds.
  path: Assets/Materials/StarSparrow/Meshes/StarSparrow9.fbx
  artifactKey: Guid(c5854ef2d6dd2ab4ba6f56c2053676c0) Importer(815301076,1909f56bfc062723c751e8b465ee728b)
Start importing Assets/Materials/StarSparrow/Meshes/StarSparrow9.fbx using Guid(c5854ef2d6dd2ab4ba6f56c2053676c0) Importer(815301076,1909f56bfc062723c751e8b465ee728b)  -> (artifact id: '98622163c3b1655dc6c27709448de6ca') in 0.025858 seconds 
  Import took 0.050166 seconds .

========================================================================
Received Import Request.
  Time since last request: 0.000477 seconds.
  path: Assets/Materials/StarSparrow/Meshes/StarSparrow13.fbx
  artifactKey: Guid(94c6c0903b5d2284fb621d96b5b82262) Importer(815301076,1909f56bfc062723c751e8b465ee728b)
Start importing Assets/Materials/StarSparrow/Meshes/StarSparrow13.fbx using Guid(94c6c0903b5d2284fb621d96b5b82262) Importer(815301076,1909f56bfc062723c751e8b465ee728b)  -> (artifact id: '5366660dadd2756aeba7279a3547d218') in 0.021457 seconds 
  Import took 0.041904 seconds .

========================================================================
Received Import Request.
  Time since last request: 0.000500 seconds.
  path: Assets/Materials/StarSparrow/Meshes/StarSparrow16.fbx
  artifactKey: Guid(0913ee8c036b6dc468615920c91704e0) Importer(815301076,1909f56bfc062723c751e8b465ee728b)
Start importing Assets/Materials/StarSparrow/Meshes/StarSparrow16.fbx using Guid(0913ee8c036b6dc468615920c91704e0) Importer(815301076,1909f56bfc062723c751e8b465ee728b)  -> (artifact id: 'ede9164f6c6d57a80c55e2c664e3654e') in 0.022506 seconds 
  Import took 0.041340 seconds .

========================================================================
Received Import Request.
  Time since last request: 0.000667 seconds.
  path: Assets/Materials/StarSparrow/Meshes/StarSparrow6.fbx
  artifactKey: Guid(d84ec9911cfe0f142b57114817caaf7d) Importer(815301076,1909f56bfc062723c751e8b465ee728b)
Start importing Assets/Materials/StarSparrow/Meshes/StarSparrow6.fbx using Guid(d84ec9911cfe0f142b57114817caaf7d) Importer(815301076,1909f56bfc062723c751e8b465ee728b)  -> (artifact id: '512ea79fb273c116229867d9b31fa0df') in 0.024278 seconds 
  Import took 0.031226 seconds .

========================================================================
Received Import Request.
  Time since last request: 0.000507 seconds.
  path: Assets/Materials/StarSparrow/Meshes/StarSparrow4.fbx
  artifactKey: Guid(7434f156f1a25df4596be6564fe60b9d) Importer(815301076,1909f56bfc062723c751e8b465ee728b)
Start importing Assets/Materials/StarSparrow/Meshes/StarSparrow4.fbx using Guid(7434f156f1a25df4596be6564fe60b9d) Importer(815301076,1909f56bfc062723c751e8b465ee728b)  -> (artifact id: '84ed47e26edb30ebfeaa14c50ef13c7f') in 0.022969 seconds 
  Import took 0.029206 seconds .

========================================================================
Received Import Request.
  Time since last request: 0.000599 seconds.
  path: Assets/Materials/StarSparrow/Meshes/StarSparrow15.fbx
  artifactKey: Guid(4ac596a5da39c934992511e9527a6984) Importer(815301076,1909f56bfc062723c751e8b465ee728b)
Start importing Assets/Materials/StarSparrow/Meshes/StarSparrow15.fbx using Guid(4ac596a5da39c934992511e9527a6984) Importer(815301076,1909f56bfc062723c751e8b465ee728b)  -> (artifact id: 'cb22fe33d664bddef6ac50a76b8dbc81') in 0.024712 seconds 
  Import took 0.031347 seconds .

========================================================================
Received Import Request.
  Time since last request: 0.000662 seconds.
  path: Assets/Materials/StarSparrow/Meshes/StarSparrow12.fbx
  artifactKey: Guid(0e9d6058df1cdae40ad43cc3ded56497) Importer(815301076,1909f56bfc062723c751e8b465ee728b)
Start importing Assets/Materials/StarSparrow/Meshes/StarSparrow12.fbx using Guid(0e9d6058df1cdae40ad43cc3ded56497) Importer(815301076,1909f56bfc062723c751e8b465ee728b)  -> (artifact id: '66817862d9984cc1a6372208994ef818') in 0.024719 seconds 
  Import took 0.031325 seconds .

========================================================================
Received Import Request.
  Time since last request: 0.000671 seconds.
  path: Assets/Materials/StarSparrow/Meshes/StarSparrow14.fbx
  artifactKey: Guid(a1ea0ecc2fbc5d64aa2935307474ff0a) Importer(815301076,1909f56bfc062723c751e8b465ee728b)
Start importing Assets/Materials/StarSparrow/Meshes/StarSparrow14.fbx using Guid(a1ea0ecc2fbc5d64aa2935307474ff0a) Importer(815301076,1909f56bfc062723c751e8b465ee728b)  -> (artifact id: '4964d3cd0d122b7f7eb39ce2778ff255') in 0.021624 seconds 
  Import took 0.029898 seconds .

========================================================================
Received Import Request.
  Time since last request: 0.000643 seconds.
  path: Assets/Materials/StarSparrow/Meshes/StarSparrow11.fbx
  artifactKey: Guid(aaf7aa019f23a0940afebb1950259a1d) Importer(815301076,1909f56bfc062723c751e8b465ee728b)
Start importing Assets/Materials/StarSparrow/Meshes/StarSparrow11.fbx using Guid(aaf7aa019f23a0940afebb1950259a1d) Importer(815301076,1909f56bfc062723c751e8b465ee728b)  -> (artifact id: '9b471cf751d00063840674818401cca3') in 0.023948 seconds 
  Import took 0.039049 seconds .

========================================================================
Received Import Request.
  Time since last request: 0.000479 seconds.
  path: Assets/Materials/StarSparrow/Meshes/StarSparrow3.fbx
  artifactKey: Guid(b3f31988fa57e6448857f14a9607ca49) Importer(815301076,1909f56bfc062723c751e8b465ee728b)
Start importing Assets/Materials/StarSparrow/Meshes/StarSparrow3.fbx using Guid(b3f31988fa57e6448857f14a9607ca49) Importer(815301076,1909f56bfc062723c751e8b465ee728b)  -> (artifact id: '52eda93aa739755fc34f936bef0ad7e9') in 0.023474 seconds 
  Import took 0.039281 seconds .

========================================================================
Received Import Request.
  Time since last request: 0.000692 seconds.
  path: Assets/Materials/StarSparrow/Meshes/StarSparrow7.fbx
  artifactKey: Guid(741053bc327354845884391aa7b7bc7e) Importer(815301076,1909f56bfc062723c751e8b465ee728b)
Start importing Assets/Materials/StarSparrow/Meshes/StarSparrow7.fbx using Guid(741053bc327354845884391aa7b7bc7e) Importer(815301076,1909f56bfc062723c751e8b465ee728b)  -> (artifact id: 'c6eea1e76f35ba328b226c5d80478ef2') in 0.019977 seconds 
  Import took 0.042150 seconds .

========================================================================
Received Import Request.
  Time since last request: 0.000489 seconds.
  path: Assets/Materials/StarSparrow/Meshes/StarSparrow5.fbx
  artifactKey: Guid(0367de8b5e7f1a241a7571d0b6732855) Importer(815301076,1909f56bfc062723c751e8b465ee728b)
Start importing Assets/Materials/StarSparrow/Meshes/StarSparrow5.fbx using Guid(0367de8b5e7f1a241a7571d0b6732855) Importer(815301076,1909f56bfc062723c751e8b465ee728b)  -> (artifact id: 'd33a9ae49d7a70b27292f1abbeef8c9d') in 0.025066 seconds 
  Import took 0.046674 seconds .

========================================================================
Received Import Request.
  Time since last request: 0.843768 seconds.
  path: Assets/Materials/StarSparrow/Meshes/BonusContent/AsteroidsSample.FBX
  artifactKey: Guid(4514a249f7ca7d44b8eb4cbd48174504) Importer(815301076,1909f56bfc062723c751e8b465ee728b)
Start importing Assets/Materials/StarSparrow/Meshes/BonusContent/AsteroidsSample.FBX using Guid(4514a249f7ca7d44b8eb4cbd48174504) Importer(815301076,1909f56bfc062723c751e8b465ee728b)  -> (artifact id: 'dea8b5f552010fe3a32e6aed9550d2b3') in 0.076863 seconds 
  Import took 0.100241 seconds .

========================================================================
Received Import Request.
  Time since last request: 0.000412 seconds.
  path: Assets/Materials/StarSparrow/Meshes/BonusContent/MissilesSample.FBX
  artifactKey: Guid(afbbf42a35d3ca347aea29a1457035cc) Importer(815301076,1909f56bfc062723c751e8b465ee728b)
Start importing Assets/Materials/StarSparrow/Meshes/BonusContent/MissilesSample.FBX using Guid(afbbf42a35d3ca347aea29a1457035cc) Importer(815301076,1909f56bfc062723c751e8b465ee728b)  -> (artifact id: '8144b8c5387e593b376b05234aa1cfab') in 0.049630 seconds 
  Import took 0.059768 seconds .

========================================================================
Received Import Request.
  Time since last request: 0.000431 seconds.
  path: Assets/Materials/StarSparrow/Meshes/BonusContent/FlyingInsects3.FBX
  artifactKey: Guid(b2359fd8578c87649ad70d6001527479) Importer(815301076,1909f56bfc062723c751e8b465ee728b)
Start importing Assets/Materials/StarSparrow/Meshes/BonusContent/FlyingInsects3.FBX using Guid(b2359fd8578c87649ad70d6001527479) Importer(815301076,1909f56bfc062723c751e8b465ee728b)  -> (artifact id: '94ac4580b267360a20f01830796bfb90') in 0.024343 seconds 
  Import took 0.039292 seconds .

========================================================================
Received Import Request.
  Time since last request: 0.000528 seconds.
  path: Assets/Materials/StarSparrow/Meshes/BonusContent/Clouds.FBX
  artifactKey: Guid(39cdb5f1ef2da0b4aa187d9779c3a6e8) Importer(815301076,1909f56bfc062723c751e8b465ee728b)
Start importing Assets/Materials/StarSparrow/Meshes/BonusContent/Clouds.FBX using Guid(39cdb5f1ef2da0b4aa187d9779c3a6e8) Importer(815301076,1909f56bfc062723c751e8b465ee728b)  -> (artifact id: '9831fdb4079bfe6bf9e178910de01f63') in 0.022932 seconds 
  Import took 0.028407 seconds .

========================================================================
Received Import Request.
  Time since last request: 0.000405 seconds.
  path: Assets/Materials/StarSparrow/Meshes/BonusContent/Planet.FBX
  artifactKey: Guid(614d5d16c663aaf4e8a724ee026d8cf0) Importer(815301076,1909f56bfc062723c751e8b465ee728b)
Start importing Assets/Materials/StarSparrow/Meshes/BonusContent/Planet.FBX using Guid(614d5d16c663aaf4e8a724ee026d8cf0) Importer(815301076,1909f56bfc062723c751e8b465ee728b)  -> (artifact id: '662d3853afe406ea42ab65b1ee965e11') in 0.025599 seconds 
  Import took 0.032044 seconds .

========================================================================
Received Import Request.
  Time since last request: 0.000517 seconds.
  path: Assets/Materials/StarSparrow/Meshes/BonusContent/MinesSample.FBX
  artifactKey: Guid(6ed599d7224ee9943b11064add7ed981) Importer(815301076,1909f56bfc062723c751e8b465ee728b)
Start importing Assets/Materials/StarSparrow/Meshes/BonusContent/MinesSample.FBX using Guid(6ed599d7224ee9943b11064add7ed981) Importer(815301076,1909f56bfc062723c751e8b465ee728b)  -> (artifact id: '070f18fc66219ca3b20020557892f198') in 0.048328 seconds 
  Import took 0.066876 seconds .

========================================================================
Received Import Request.
  Time since last request: 0.000428 seconds.
  path: Assets/Materials/StarSparrow/Meshes/BonusContent/StarSparrow_Modules_LP_Red.fbx
  artifactKey: Guid(810271bfc83db0542896feced51cf3ae) Importer(815301076,1909f56bfc062723c751e8b465ee728b)
Start importing Assets/Materials/StarSparrow/Meshes/BonusContent/StarSparrow_Modules_LP_Red.fbx using Guid(810271bfc83db0542896feced51cf3ae) Importer(815301076,1909f56bfc062723c751e8b465ee728b)  -> (artifact id: 'c3ee82cb5086e20da95da1a87cee0eb9') in 0.125271 seconds 
  Import took 0.150133 seconds .

========================================================================
Received Import Request.
  Time since last request: 0.000419 seconds.
  path: Assets/Materials/StarSparrow/Meshes/BonusContent/FlyingInsects3_Wing4.FBX
  artifactKey: Guid(bb401a4b2f241b54f904ccba8227557f) Importer(815301076,1909f56bfc062723c751e8b465ee728b)
Start importing Assets/Materials/StarSparrow/Meshes/BonusContent/FlyingInsects3_Wing4.FBX using Guid(bb401a4b2f241b54f904ccba8227557f) Importer(815301076,1909f56bfc062723c751e8b465ee728b)  -> (artifact id: '629a86116bdc84cd6391683c9d1e5410') in 0.019427 seconds 
  Import took 0.024656 seconds .

========================================================================
Received Import Request.
  Time since last request: 0.000374 seconds.
  path: Assets/Materials/StarSparrow/Meshes/BonusContent/FlyingInsects3_Wing3.FBX
  artifactKey: Guid(b194a334c875d914aa66569a0a81be6c) Importer(815301076,1909f56bfc062723c751e8b465ee728b)
Start importing Assets/Materials/StarSparrow/Meshes/BonusContent/FlyingInsects3_Wing3.FBX using Guid(b194a334c875d914aa66569a0a81be6c) Importer(815301076,1909f56bfc062723c751e8b465ee728b)  -> (artifact id: 'ba9448ccbcceb94aa73e5952cf3233b6') in 0.027012 seconds 
  Import took 0.041536 seconds .

========================================================================
Received Import Request.
  Time since last request: 0.000469 seconds.
  path: Assets/Materials/StarSparrow/Meshes/BonusContent/FlyingInsects3_Wing2.FBX
  artifactKey: Guid(a48942f1defa105409300c6ae5ade981) Importer(815301076,1909f56bfc062723c751e8b465ee728b)
Start importing Assets/Materials/StarSparrow/Meshes/BonusContent/FlyingInsects3_Wing2.FBX using Guid(a48942f1defa105409300c6ae5ade981) Importer(815301076,1909f56bfc062723c751e8b465ee728b)  -> (artifact id: '404638684c8877012d6c08b7c5fd9884') in 0.021328 seconds 
  Import took 0.039225 seconds .

========================================================================
Received Import Request.
  Time since last request: 0.000565 seconds.
  path: Assets/Materials/StarSparrow/Meshes/BonusContent/StarSparrow_1_LP_Red.fbx
  artifactKey: Guid(23908a99b9ed72b4480176cae54d422d) Importer(815301076,1909f56bfc062723c751e8b465ee728b)
Start importing Assets/Materials/StarSparrow/Meshes/BonusContent/StarSparrow_1_LP_Red.fbx using Guid(23908a99b9ed72b4480176cae54d422d) Importer(815301076,1909f56bfc062723c751e8b465ee728b)  -> (artifact id: '6923ff0823e6e050d86fd23577bbb7c8') in 0.021660 seconds 
  Import took 0.045338 seconds .

========================================================================
Received Import Request.
  Time since last request: 0.000849 seconds.
  path: Assets/Materials/StarSparrow/Meshes/BonusContent/FlyingInsects3_Wing1.FBX
  artifactKey: Guid(c121b1640d073a14382ea0f68499c85e) Importer(815301076,1909f56bfc062723c751e8b465ee728b)
Start importing Assets/Materials/StarSparrow/Meshes/BonusContent/FlyingInsects3_Wing1.FBX using Guid(c121b1640d073a14382ea0f68499c85e) Importer(815301076,1909f56bfc062723c751e8b465ee728b)  -> (artifact id: 'c5ac8bf4a8e694a9a1e6e325adadb8a0') in 0.018622 seconds 
  Import took 0.036137 seconds .

AssetImportWorkerClient::OnTransportError - code=2 error=End of file
